\BOOKMARK [0][-]{chapter.1}{\376\377\000C\000o\000n\000t\000e\000x\000t\000o\000\040\000d\000e\000l\000\040\000p\000r\000o\000y\000e\000c\000t\000o\000\040\000y\000\040\000p\000u\000n\000t\000o\000\040\000d\000e\000\040\000p\000a\000r\000t\000i\000d\000a}{}% 1
\BOOKMARK [1][-]{section.1.1}{\376\377\000M\000a\000r\000c\000o\000\040\000t\000e\000\363\000r\000i\000c\000o\000,\000\040\000i\000n\000v\000e\000s\000t\000i\000g\000a\000c\000i\000\363\000n\000\040\000y\000\040\000e\000s\000t\000u\000d\000i\000o\000\040\000p\000r\000e\000v\000i\000o}{chapter.1}% 2
\BOOKMARK [1][-]{section.1.2}{\376\377\000R\000e\000s\000u\000l\000t\000a\000d\000o\000s\000\040\000d\000e\000l\000\040\000p\000r\000o\000y\000e\000c\000t\000o\000\040\000b\000a\000s\000e\000\040\000y\000\040\000l\000\355\000n\000e\000a\000s\000\040\000d\000e\000\040\000e\000v\000o\000l\000u\000c\000i\000\363\000n}{chapter.1}% 3
\BOOKMARK [0][-]{chapter.2}{\376\377\000O\000b\000j\000e\000t\000i\000v\000o\000s\000\040\000d\000e\000l\000\040\000p\000r\000o\000y\000e\000c\000t\000o}{}% 4
\BOOKMARK [0][-]{chapter.3}{\376\377\000D\000e\000f\000i\000n\000i\000c\000i\000\363\000n\000\040\000d\000e\000\040\000l\000a\000\040\000s\000o\000l\000u\000c\000i\000\363\000n\000\040\000e\000x\000t\000e\000n\000d\000i\000d\000a}{}% 5
\BOOKMARK [1][-]{section.3.1}{\376\377\000A\000n\000\341\000l\000i\000s\000i\000s\000\040\000d\000e\000\040\000l\000a\000\040\000s\000o\000l\000u\000c\000i\000\363\000n\000\040\000b\000a\000s\000e\000\040\000y\000\040\000m\000o\000t\000i\000v\000a\000c\000i\000\363\000n\000\040\000d\000e\000\040\000l\000a\000\040\000e\000x\000t\000e\000n\000s\000i\000\363\000n}{chapter.3}% 6
\BOOKMARK [1][-]{section.3.2}{\376\377\000E\000s\000p\000e\000c\000i\000f\000i\000c\000a\000c\000i\000\363\000n\000\040\000f\000o\000r\000m\000a\000l\000\040\000d\000e\000\040\000l\000a\000\040\000s\000o\000l\000u\000c\000i\000\363\000n\000\040\000e\000x\000t\000e\000n\000d\000i\000d\000a}{chapter.3}% 7
\BOOKMARK [1][-]{section.3.3}{\376\377\000O\000b\000j\000e\000t\000i\000v\000o\000s\000\040\000f\000u\000n\000c\000i\000o\000n\000a\000l\000e\000s\000\040\000d\000e\000l\000\040\000s\000i\000s\000t\000e\000m\000a\000\040\000e\000x\000t\000e\000n\000d\000i\000d\000o}{chapter.3}% 8
\BOOKMARK [1][-]{section.3.4}{\376\377\000D\000i\000a\000g\000r\000a\000m\000a\000\040\000U\000M\000L\000\040\000d\000e\000\040\000c\000a\000s\000o\000s\000\040\000d\000e\000\040\000u\000s\000o\000\040\000d\000e\000l\000\040\000s\000i\000s\000t\000e\000m\000a\000\040\000e\000x\000t\000e\000n\000d\000i\000d\000o}{chapter.3}% 9
\BOOKMARK [1][-]{section.3.5}{\376\377\000D\000e\000f\000i\000n\000i\000c\000i\000\363\000n\000\040\000d\000e\000l\000\040\000d\000i\000a\000g\000r\000a\000m\000a\000\040\000d\000e\000\040\000c\000a\000s\000o\000s\000\040\000d\000e\000\040\000u\000s\000o}{chapter.3}% 10
\BOOKMARK [2][-]{subsection.3.5.1}{\376\377\000C\000a\000s\000o\000s\000\040\000d\000e\000\040\000u\000s\000o\000\040\000n\000u\000e\000v\000o\000s\000\040\000o\000\040\000m\000o\000d\000i\000f\000i\000c\000a\000d\000o\000s}{section.3.5}% 11
\BOOKMARK [3][-]{subsubsection.3.5.1.1}{\376\377\000C\000a\000s\000o\000\040\000d\000e\000\040\000u\000s\000o\000:\000\040\000I\000m\000p\000o\000r\000t\000a\000r\000\040\000u\000s\000u\000a\000r\000i\000o\000s\000\040\000y\000\040\000g\000r\000u\000p\000o\000s\000\040\000d\000e\000s\000d\000e\000\040\000a\000r\000c\000h\000i\000v\000o\000\040\000f\000o\000r\000m\000a\000t\000e\000a\000d\000o}{subsection.3.5.1}% 12
\BOOKMARK [3][-]{subsubsection.3.5.1.2}{\376\377\000C\000a\000s\000o\000\040\000d\000e\000\040\000u\000s\000o\000\040\000q\000u\000e\000\040\000s\000u\000s\000t\000i\000t\000u\000y\000e\000\040\000C\000r\000e\000a\000r\000\040\000p\000r\000o\000f\000e\000s\000o\000r\000:\000\040\000G\000e\000s\000t\000i\000o\000n\000a\000r\000\040\000p\000r\000o\000f\000e\000s\000o\000r\000e\000s}{subsection.3.5.1}% 13
\BOOKMARK [3][-]{subsubsection.3.5.1.3}{\376\377\000C\000a\000s\000o\000\040\000d\000e\000\040\000u\000s\000o\000\040\000q\000u\000e\000\040\000s\000u\000s\000t\000i\000t\000u\000y\000e\000\040\000C\000r\000e\000a\000r\000\040\000a\000l\000u\000m\000n\000o\000:\000\040\000G\000e\000s\000t\000i\000o\000n\000a\000r\000\040\000a\000l\000u\000m\000n\000o\000s}{subsection.3.5.1}% 14
\BOOKMARK [3][-]{subsubsection.3.5.1.4}{\376\377\000C\000a\000s\000o\000\040\000d\000e\000\040\000u\000s\000o\000\040\000e\000x\000i\000s\000t\000e\000n\000t\000e\000\040\000a\000m\000p\000l\000i\000a\000d\000o\000:\000\040\000G\000e\000s\000t\000i\000o\000n\000a\000r\000\040\000g\000r\000u\000p\000o\000s}{subsection.3.5.1}% 15
\BOOKMARK [3][-]{subsubsection.3.5.1.5}{\376\377\000C\000a\000s\000o\000\040\000d\000e\000\040\000u\000s\000o\000\040\000e\000x\000i\000s\000t\000e\000n\000t\000e\000\040\000a\000m\000p\000l\000i\000a\000d\000o\000:\000\040\000I\000n\000t\000e\000r\000a\000c\000t\000u\000a\000r\000\040\000c\000o\000n\000\040\000c\000u\000e\000s\000t\000i\000o\000n\000a\000r\000i\000o\000s}{subsection.3.5.1}% 16
\BOOKMARK [2][-]{subsection.3.5.2}{\376\377\000R\000e\000q\000u\000i\000s\000i\000t\000o\000s\000\040\000f\000u\000n\000c\000i\000o\000n\000a\000l\000e\000s\000\040\000n\000u\000e\000v\000o\000s}{section.3.5}% 17
\BOOKMARK [1][-]{section.3.6}{\376\377\000R\000e\000q\000u\000i\000s\000i\000t\000o\000s\000\040\000n\000o\000\040\000f\000u\000n\000c\000i\000o\000n\000a\000l\000e\000s\000\040\000n\000u\000e\000v\000o\000s}{chapter.3}% 18
\BOOKMARK [1][-]{section.3.7}{\376\377\000T\000e\000c\000n\000o\000l\000o\000g\000\355\000a\000s\000\040\000y\000\040\000a\000r\000q\000u\000i\000t\000e\000c\000t\000u\000r\000a\000\040\000d\000e\000\040\000l\000a\000\040\000s\000o\000l\000u\000c\000i\000\363\000n\000\040\000e\000x\000t\000e\000n\000d\000i\000d\000a}{chapter.3}% 19
\BOOKMARK [2][-]{subsection.3.7.1}{\376\377\000P\000i\000l\000a\000\040\000t\000e\000c\000n\000o\000l\000\363\000g\000i\000c\000a\000\040\000h\000e\000r\000e\000d\000a\000d\000a\000\040\000d\000e\000l\000\040\000p\000r\000o\000y\000e\000c\000t\000o\000\040\000b\000a\000s\000e}{section.3.7}% 20
\BOOKMARK [2][-]{subsection.3.7.2}{\376\377\000T\000e\000c\000n\000o\000l\000o\000g\000\355\000a\000s\000\040\000i\000n\000c\000o\000r\000p\000o\000r\000a\000d\000a\000s\000\040\000e\000n\000\040\000l\000a\000\040\000s\000o\000l\000u\000c\000i\000\363\000n\000\040\000e\000x\000t\000e\000n\000d\000i\000d\000a}{section.3.7}% 21
\BOOKMARK [3][-]{subsubsection.3.7.2.1}{\376\377\000S\000e\000r\000v\000i\000c\000i\000o\000\040\000d\000e\000\040\000i\000n\000f\000e\000r\000e\000n\000c\000i\000a\000\040\000e\000x\000t\000e\000r\000n\000a\000\040\000m\000e\000d\000i\000a\000n\000t\000e\000\040\000G\000r\000o\000q}{subsection.3.7.2}% 22
\BOOKMARK [3][-]{subsubsection.3.7.2.2}{\376\377\000C\000a\000p\000a\000c\000i\000t\000o\000r\000\040\000c\000o\000m\000o\000\040\000e\000v\000o\000l\000u\000c\000i\000\363\000n\000\040\000d\000e\000l\000\040\000s\000o\000p\000o\000r\000t\000e\000\040\000m\000\363\000v\000i\000l\000\040\000h\000\355\000b\000r\000i\000d\000o}{subsection.3.7.2}% 23
\BOOKMARK [3][-]{subsubsection.3.7.2.3}{\376\377\000A\000n\000d\000r\000o\000i\000d\000\040\000S\000t\000u\000d\000i\000o\000\040\000y\000\040\000e\000n\000t\000o\000r\000n\000o\000\040\000d\000e\000\040\000c\000o\000n\000s\000t\000r\000u\000c\000c\000i\000\363\000n\000\040\000m\000\363\000v\000i\000l}{subsection.3.7.2}% 24
\BOOKMARK [0][-]{chapter.4}{\376\377\000P\000l\000a\000n\000i\000f\000i\000c\000a\000c\000i\000\363\000n\000\040\000d\000e\000l\000\040\000p\000r\000o\000y\000e\000c\000t\000o}{}% 25
\BOOKMARK [0][-]{chapter.5}{\376\377\000D\000e\000s\000a\000r\000r\000o\000l\000l\000o\000\040\000d\000e\000\040\000l\000a\000\040\000a\000p\000l\000i\000c\000a\000c\000i\000\363\000n\000\040\000b\000a\000c\000k\000e\000n\000d}{}% 26
\BOOKMARK [1][-]{section.5.1}{\376\377\000M\000o\000d\000e\000l\000a\000d\000o\000\040\000d\000e\000\040\000d\000a\000t\000o\000s}{chapter.5}% 27
\BOOKMARK [1][-]{section.5.2}{\376\377\000I\000m\000p\000l\000e\000m\000e\000n\000t\000a\000c\000i\000\363\000n}{chapter.5}% 28
\BOOKMARK [2][-]{subsection.5.2.1}{\376\377\000O\000p\000e\000r\000a\000c\000i\000o\000n\000e\000s\000\040\000l\000\363\000g\000i\000c\000a\000s\000\040\000\050\000r\000e\000v\000i\000s\000i\000\363\000n\000\040\000y\000\040\000e\000l\000i\000m\000i\000n\000a\000c\000i\000\363\000n\000\051}{section.5.2}% 29
\BOOKMARK [2][-]{subsection.5.2.2}{\376\377\000I\000m\000p\000o\000r\000t\000a\000c\000i\000\363\000n\000\040\000m\000a\000s\000i\000v\000a\000\040\000d\000e\000s\000d\000e\000\040\000C\000S\000V\000\040\000\050\000n\000o\000r\000m\000a\000l\000i\000z\000a\000c\000i\000\363\000n\000,\000\040\000v\000a\000l\000i\000d\000a\000c\000i\000\363\000n\000\040\000y\000\040\000c\000r\000e\000a\000c\000i\000\363\000n\000\051}{section.5.2}% 30
\BOOKMARK [2][-]{subsection.5.2.3}{\376\377\000S\000e\000r\000v\000i\000c\000i\000o\000\040\000d\000e\000\040\000I\000A\000\040\000c\000o\000n\000\040\000G\000r\000o\000q\000\040\000\050\000i\000n\000t\000e\000g\000r\000a\000c\000i\000\363\000n\000\040\000p\000o\000r\000\040\000A\000P\000I\000\040\000y\000\040\000c\000a\000p\000a\000\040\000d\000e\000\040\000s\000e\000r\000v\000i\000c\000i\000o\000s\000\051}{section.5.2}% 31
\BOOKMARK [1][-]{section.5.3}{\376\377\000T\000e\000s\000t\000i\000n\000g}{chapter.5}% 32
\BOOKMARK [0][-]{chapter.6}{\376\377\000D\000e\000s\000a\000r\000r\000o\000l\000l\000o\000\040\000d\000e\000\040\000l\000a\000\040\000a\000p\000l\000i\000c\000a\000c\000i\000\363\000n\000\040\000f\000r\000o\000n\000t\000e\000n\000d}{}% 33
\BOOKMARK [1][-]{section.6.1}{\376\377\000I\000m\000p\000l\000e\000m\000e\000n\000t\000a\000c\000i\000\363\000n}{chapter.6}% 34
\BOOKMARK [2][-]{subsection.6.1.1}{\376\377\000E\000x\000p\000o\000r\000t\000a\000c\000i\000\363\000n\000\040\000a\000\040\000A\000n\000d\000r\000o\000i\000d\000\040\000c\000o\000n\000\040\000C\000a\000p\000a\000c\000i\000t\000o\000r}{section.6.1}% 35
\BOOKMARK [3][-]{subsubsection.6.1.1.1}{\376\377\000A\000j\000u\000s\000t\000e\000\040\000d\000e\000\040\000m\000e\000n\000\372\000s\000\040\000d\000e\000l\000\040\000s\000i\000s\000t\000e\000m\000a}{subsection.6.1.1}% 36
\BOOKMARK [3][-]{subsubsection.6.1.1.2}{\376\377\000A\000p\000e\000r\000t\000u\000r\000a\000\040\000d\000e\000\040\000P\000D\000F\000s\000\040\000e\000n\000\040\000A\000n\000d\000r\000o\000i\000d\000\040\000\050\000F\000i\000l\000e\000s\000y\000s\000t\000e\000m\000\040\000+\000\040\000F\000i\000l\000e\000O\000p\000e\000n\000e\000r\000\051}{subsection.6.1.1}% 37
\BOOKMARK [3][-]{subsubsection.6.1.1.3}{\376\377\000E\000s\000t\000i\000l\000o\000s\000\040\000e\000s\000p\000e\000c\000\355\000f\000i\000c\000o\000s\000\040\000p\000a\000r\000a\000\040\000m\000\363\000v\000i\000l}{subsection.6.1.1}% 38
\BOOKMARK [3][-]{subsubsection.6.1.1.4}{\376\377\000A\000j\000u\000s\000t\000e\000s\000\040\000f\000i\000n\000a\000l\000e\000s\000\040\000e\000n\000\040\000A\000n\000d\000r\000o\000i\000d\000\040\000S\000t\000u\000d\000i\000o\000\040\000\050\000I\000c\000o\000n\000o\000s\000,\000\040\000P\000a\000n\000t\000a\000l\000l\000a\000s\000\040\000d\000e\000\040\000c\000a\000r\000g\000a\000\040\000y\000\040\000X\000M\000L\000\051}{subsection.6.1.1}% 39
\BOOKMARK [1][-]{section.6.2}{\376\377\000D\000i\000s\000e\000\361\000o\000\040\000y\000\040\000e\000x\000p\000e\000r\000i\000e\000n\000c\000i\000a\000\040\000d\000e\000\040\000u\000s\000u\000a\000r\000i\000o\000\040\000\050\000U\000X\000/\000U\000I\000\051}{chapter.6}% 40
\BOOKMARK [2][-]{subsection.6.2.1}{\376\377\000C\000o\000n\000t\000i\000n\000u\000i\000d\000a\000d\000\040\000v\000i\000s\000u\000a\000l\000\040\000y\000\040\000c\000o\000h\000e\000r\000e\000n\000c\000i\000a\000\040\000d\000e\000\040\000i\000n\000t\000e\000r\000a\000c\000c\000i\000\363\000n}{section.6.2}% 41
\BOOKMARK [2][-]{subsection.6.2.2}{\376\377\000E\000f\000e\000c\000t\000o\000s\000\040\000v\000i\000s\000i\000b\000l\000e\000s\000\040\000d\000e\000\040\000l\000a\000\040\000a\000d\000a\000p\000t\000a\000c\000i\000\363\000n\000\040\000a\000\040\000m\000\363\000v\000i\000l}{section.6.2}% 42
\BOOKMARK [2][-]{subsection.6.2.3}{\376\377\000E\000j\000e\000m\000p\000l\000o\000s\000\040\000v\000i\000s\000u\000a\000l\000e\000s\000\040\000d\000e\000\040\000l\000a\000\040\000s\000o\000l\000u\000c\000i\000\363\000n\000\040\000e\000x\000t\000e\000n\000d\000i\000d\000a}{section.6.2}% 43
\BOOKMARK [1][-]{section.6.3}{\376\377\000T\000e\000s\000t\000i\000n\000g}{chapter.6}% 44
\BOOKMARK [0][-]{chapter.7}{\376\377\000D\000e\000s\000p\000l\000i\000e\000g\000u\000e\000\040\000d\000e\000l\000\040\000s\000i\000s\000t\000e\000m\000a}{}% 45
\BOOKMARK [1][-]{section.7.1}{\376\377\000D\000e\000s\000p\000l\000i\000e\000g\000u\000e\000\040\000w\000e\000b}{chapter.7}% 46
\BOOKMARK [1][-]{section.7.2}{\376\377\000D\000e\000s\000p\000l\000i\000e\000g\000u\000e\000\040\000m\000\363\000v\000i\000l\000:\000\040\000g\000e\000n\000e\000r\000a\000c\000i\000\363\000n\000\040\000d\000e\000\040\000l\000a\000\040\000a\000p\000l\000i\000c\000a\000c\000i\000\363\000n\000\040\000A\000n\000d\000r\000o\000i\000d}{chapter.7}% 47
\BOOKMARK [2][-]{subsection.7.2.1}{\376\377\000G\000e\000n\000e\000r\000a\000c\000i\000\363\000n\000\040\000d\000e\000l\000\040\000c\000o\000n\000t\000e\000n\000e\000d\000o\000r\000\040\000A\000n\000d\000r\000o\000i\000d\000\040\000m\000e\000d\000i\000a\000n\000t\000e\000\040\000C\000a\000p\000a\000c\000i\000t\000o\000r}{section.7.2}% 48
\BOOKMARK [2][-]{subsection.7.2.2}{\376\377\000C\000o\000n\000s\000t\000r\000u\000c\000c\000i\000\363\000n\000\040\000y\000\040\000v\000a\000l\000i\000d\000a\000c\000i\000\363\000n\000\040\000e\000n\000\040\000A\000n\000d\000r\000o\000i\000d\000\040\000S\000t\000u\000d\000i\000o}{section.7.2}% 49
\BOOKMARK [2][-]{subsection.7.2.3}{\376\377\000G\000e\000n\000e\000r\000a\000c\000i\000\363\000n\000\040\000d\000e\000l\000\040\000p\000a\000q\000u\000e\000t\000e\000\040\000i\000n\000s\000t\000a\000l\000a\000b\000l\000e}{section.7.2}% 50
\BOOKMARK [1][-]{section.7.3}{\376\377\000V\000a\000l\000o\000r\000\040\000a\000\361\000a\000d\000i\000d\000o\000\040\000d\000e\000l\000\040\000d\000e\000s\000p\000l\000i\000e\000g\000u\000e\000\040\000m\000\363\000v\000i\000l}{chapter.7}% 51
\BOOKMARK [0][-]{chapter.8}{\376\377\000P\000l\000a\000n\000\040\000d\000e\000\040\000i\000m\000p\000l\000a\000n\000t\000a\000c\000i\000\363\000n}{}% 52
\BOOKMARK [1][-]{section.8.1}{\376\377\000O\000b\000j\000e\000t\000i\000v\000o\000s\000\040\000d\000e\000l\000\040\000p\000l\000a\000n\000\040\000d\000e\000\040\000i\000m\000p\000l\000a\000n\000t\000a\000c\000i\000\363\000n}{chapter.8}% 53
\BOOKMARK [1][-]{section.8.2}{\376\377\000C\000o\000n\000t\000e\000x\000t\000o\000\040\000d\000e\000\040\000i\000m\000p\000l\000a\000n\000t\000a\000c\000i\000\363\000n\000\040\000e\000n\000\040\000c\000e\000n\000t\000r\000o\000s\000\040\000e\000d\000u\000c\000a\000t\000i\000v\000o\000s}{chapter.8}% 54
\BOOKMARK [1][-]{section.8.3}{\376\377\000E\000s\000t\000r\000a\000t\000e\000g\000i\000a\000\040\000d\000e\000\040\000i\000m\000p\000l\000a\000n\000t\000a\000c\000i\000\363\000n\000\040\000p\000r\000o\000g\000r\000e\000s\000i\000v\000a}{chapter.8}% 55
\BOOKMARK [2][-]{subsection.8.3.1}{\376\377\000F\000a\000s\000e\000\040\0001\000:\000\040\000D\000e\000s\000p\000l\000i\000e\000g\000u\000e\000\040\000p\000i\000l\000o\000t\000o}{section.8.3}% 56
\BOOKMARK [2][-]{subsection.8.3.2}{\376\377\000F\000a\000s\000e\000\040\0002\000:\000\040\000D\000e\000s\000p\000l\000i\000e\000g\000u\000e\000\040\000p\000a\000r\000c\000i\000a\000l}{section.8.3}% 57
\BOOKMARK [2][-]{subsection.8.3.3}{\376\377\000F\000a\000s\000e\000\040\0003\000:\000\040\000D\000e\000s\000p\000l\000i\000e\000g\000u\000e\000\040\000c\000o\000m\000p\000l\000e\000t\000o}{section.8.3}% 58
\BOOKMARK [1][-]{section.8.4}{\376\377\000M\000i\000g\000r\000a\000c\000i\000\363\000n\000\040\000t\000e\000c\000n\000o\000l\000\363\000g\000i\000c\000a\000\040\000h\000a\000c\000i\000a\000\040\000u\000n\000\040\000e\000n\000t\000o\000r\000n\000o\000\040\000p\000r\000o\000d\000u\000c\000t\000i\000v\000o}{chapter.8}% 59
\BOOKMARK [2][-]{subsection.8.4.1}{\376\377\000J\000u\000s\000t\000i\000f\000i\000c\000a\000c\000i\000\363\000n\000\040\000d\000e\000\040\000l\000a\000\040\000m\000i\000g\000r\000a\000c\000i\000\363\000n}{section.8.4}% 60
\BOOKMARK [2][-]{subsection.8.4.2}{\376\377\000M\000i\000g\000r\000a\000c\000i\000\363\000n\000\040\000d\000e\000l\000\040\000b\000a\000c\000k\000e\000n\000d\000\040\000y\000\040\000f\000r\000o\000n\000t\000e\000n\000d\000\040\000a\000\040\000M\000i\000c\000r\000o\000s\000o\000f\000t\000\040\000A\000z\000u\000r\000e}{section.8.4}% 61
\BOOKMARK [3][-]{subsubsection.8.4.2.1}{\376\377\000A\000z\000u\000r\000e\000\040\000A\000p\000p\000\040\000S\000e\000r\000v\000i\000c\000e\000\040\000c\000o\000m\000o\000\040\000p\000l\000a\000t\000a\000f\000o\000r\000m\000a\000\040\000d\000e\000\040\000e\000j\000e\000c\000u\000c\000i\000\363\000n}{subsection.8.4.2}% 62
\BOOKMARK [3][-]{subsubsection.8.4.2.2}{\376\377\000A\000r\000q\000u\000i\000t\000e\000c\000t\000u\000r\000a\000\040\000d\000e\000\040\000d\000e\000s\000p\000l\000i\000e\000g\000u\000e\000\040\000p\000r\000o\000p\000u\000e\000s\000t\000a}{subsection.8.4.2}% 63
\BOOKMARK [3][-]{subsubsection.8.4.2.3}{\376\377\000P\000r\000o\000c\000e\000s\000o\000\040\000d\000e\000\040\000m\000i\000g\000r\000a\000c\000i\000\363\000n}{subsection.8.4.2}% 64
\BOOKMARK [3][-]{subsubsection.8.4.2.4}{\376\377\000P\000i\000p\000e\000l\000i\000n\000e\000\040\000d\000e\000\040\000d\000e\000s\000p\000l\000i\000e\000g\000u\000e\000\040\000a\000u\000t\000o\000m\000a\000t\000i\000z\000a\000d\000o}{subsection.8.4.2}% 65
\BOOKMARK [2][-]{subsection.8.4.3}{\376\377\000E\000s\000c\000a\000l\000a\000d\000o\000\040\000d\000e\000\040\000l\000a\000\040\000b\000a\000s\000e\000\040\000d\000e\000\040\000d\000a\000t\000o\000s\000\040\000c\000o\000n\000\040\000M\000o\000n\000g\000o\000D\000B\000\040\000A\000t\000l\000a\000s}{section.8.4}% 66
\BOOKMARK [3][-]{subsubsection.8.4.3.1}{\376\377\000A\000r\000q\000u\000i\000t\000e\000c\000t\000u\000r\000a\000\040\000d\000e\000\040\000c\000l\000\372\000s\000t\000e\000r\000\040\000y\000\040\000e\000s\000c\000a\000l\000a\000b\000i\000l\000i\000d\000a\000d}{subsection.8.4.3}% 67
\BOOKMARK [3][-]{subsubsection.8.4.3.2}{\376\377\000P\000l\000a\000n\000\040\000d\000e\000\040\000e\000s\000c\000a\000l\000a\000d\000o\000\040\000p\000r\000o\000g\000r\000e\000s\000i\000v\000o}{subsection.8.4.3}% 68
\BOOKMARK [3][-]{subsubsection.8.4.3.3}{\376\377\000I\000n\000t\000e\000g\000r\000a\000c\000i\000\363\000n\000\040\000c\000o\000n\000\040\000l\000a\000\040\000a\000r\000q\000u\000i\000t\000e\000c\000t\000u\000r\000a\000\040\000g\000l\000o\000b\000a\000l}{subsection.8.4.3}% 69
\BOOKMARK [1][-]{section.8.5}{\376\377\000M\000i\000g\000r\000a\000c\000i\000\363\000n\000\040\000d\000e\000l\000\040\000s\000i\000s\000t\000e\000m\000a\000\040\000d\000e\000\040\000a\000l\000m\000a\000c\000e\000n\000a\000m\000i\000e\000n\000t\000o\000\040\000d\000e\000\040\000a\000r\000c\000h\000i\000v\000o\000s}{chapter.8}% 70
\BOOKMARK [1][-]{section.8.6}{\376\377\000G\000e\000s\000t\000i\000\363\000n\000\040\000p\000r\000o\000f\000e\000s\000i\000o\000n\000a\000l\000\040\000d\000e\000l\000\040\000c\000o\000r\000r\000e\000o\000\040\000e\000l\000e\000c\000t\000r\000\363\000n\000i\000c\000o}{chapter.8}% 71
\BOOKMARK [1][-]{section.8.7}{\376\377\000S\000e\000g\000u\000r\000i\000d\000a\000d\000,\000\040\000p\000r\000o\000t\000e\000c\000c\000i\000\363\000n\000\040\000d\000e\000\040\000d\000a\000t\000o\000s\000\040\000y\000\040\000c\000u\000m\000p\000l\000i\000m\000i\000e\000n\000t\000o\000\040\000n\000o\000r\000m\000a\000t\000i\000v\000o}{chapter.8}% 72
\BOOKMARK [2][-]{subsection.8.7.1}{\376\377\000P\000l\000a\000n\000\040\000o\000p\000e\000r\000a\000t\000i\000v\000o\000\040\000d\000e\000\040\000s\000e\000g\000u\000r\000i\000d\000a\000d}{section.8.7}% 73
\BOOKMARK [2][-]{subsection.8.7.2}{\376\377\000P\000r\000o\000t\000e\000c\000c\000i\000\363\000n\000\040\000d\000e\000\040\000d\000a\000t\000o\000s\000\040\000p\000e\000r\000s\000o\000n\000a\000l\000e\000s\000\040\000y\000\040\000m\000a\000r\000c\000o\000\040\000n\000o\000r\000m\000a\000t\000i\000v\000o}{section.8.7}% 74
\BOOKMARK [2][-]{subsection.8.7.3}{\376\377\000G\000e\000s\000t\000i\000\363\000n\000\040\000d\000e\000\040\000c\000r\000e\000d\000e\000n\000c\000i\000a\000l\000e\000s\000\040\000y\000\040\000c\000o\000n\000t\000r\000o\000l\000\040\000d\000e\000\040\000a\000c\000c\000e\000s\000o\000s}{section.8.7}% 75
\BOOKMARK [2][-]{subsection.8.7.4}{\376\377\000I\000n\000t\000e\000g\000r\000a\000c\000i\000\363\000n\000\040\000d\000e\000\040\000s\000e\000r\000v\000i\000c\000i\000o\000s\000\040\000e\000x\000t\000e\000r\000n\000o\000s\000\040\000\050\000c\000o\000r\000r\000e\000o\000,\000\040\000c\000o\000n\000t\000r\000a\000s\000e\000\361\000a\000s\000,\000\040\000I\000A\000\051}{section.8.7}% 76
\BOOKMARK [2][-]{subsection.8.7.5}{\376\377\000P\000r\000o\000t\000e\000c\000c\000i\000\363\000n\000\040\000f\000r\000e\000n\000t\000e\000\040\000a\000\040\000p\000\351\000r\000d\000i\000d\000a\000\040\000d\000e\000\040\000i\000n\000f\000o\000r\000m\000a\000c\000i\000\363\000n\000\040\000\050\000b\000a\000c\000k\000u\000p\000s\000\051}{section.8.7}% 77
\BOOKMARK [2][-]{subsection.8.7.6}{\376\377\000S\000e\000g\000u\000r\000i\000d\000a\000d\000\040\000e\000n\000\040\000e\000n\000t\000o\000r\000n\000o\000\040\000m\000\363\000v\000i\000l}{section.8.7}% 78
\BOOKMARK [1][-]{section.8.8}{\376\377\000F\000o\000r\000m\000a\000c\000i\000\363\000n\000\040\000d\000e\000\040\000u\000s\000u\000a\000r\000i\000o\000s\000\040\000y\000\040\000a\000d\000o\000p\000c\000i\000\363\000n\000\040\000d\000e\000l\000\040\000s\000i\000s\000t\000e\000m\000a}{chapter.8}% 79
\BOOKMARK [2][-]{subsection.8.8.1}{\376\377\000F\000o\000r\000m\000a\000c\000i\000\363\000n\000\040\000d\000e\000l\000\040\000p\000r\000o\000f\000e\000s\000o\000r\000a\000d\000o}{section.8.8}% 80
\BOOKMARK [2][-]{subsection.8.8.2}{\376\377\000F\000o\000r\000m\000a\000c\000i\000\363\000n\000\040\000d\000e\000l\000\040\000a\000l\000u\000m\000n\000a\000d\000o}{section.8.8}% 81
\BOOKMARK [2][-]{subsection.8.8.3}{\376\377\000D\000o\000c\000u\000m\000e\000n\000t\000a\000c\000i\000\363\000n\000\040\000y\000\040\000r\000e\000c\000u\000r\000s\000o\000s\000\040\000d\000e\000\040\000a\000p\000o\000y\000o}{section.8.8}% 82
\BOOKMARK [1][-]{section.8.9}{\376\377\000V\000a\000l\000i\000d\000a\000c\000i\000\363\000n\000\040\000p\000r\000\341\000c\000t\000i\000c\000a\000\040\000e\000n\000\040\000e\000n\000t\000o\000r\000n\000o\000\040\000e\000d\000u\000c\000a\000t\000i\000v\000o\000\040\000r\000e\000a\000l}{chapter.8}% 83
\BOOKMARK [2][-]{subsection.8.9.1}{\376\377\000C\000o\000n\000t\000e\000x\000t\000o\000\040\000d\000e\000\040\000l\000a\000\040\000d\000e\000m\000o\000s\000t\000r\000a\000c\000i\000\363\000n}{section.8.9}% 84
\BOOKMARK [2][-]{subsection.8.9.2}{\376\377\000V\000a\000l\000o\000r\000a\000c\000i\000\363\000n\000\040\000d\000e\000l\000\040\000p\000r\000o\000f\000e\000s\000o\000r\000a\000d\000o}{section.8.9}% 85
\BOOKMARK [2][-]{subsection.8.9.3}{\376\377\000R\000e\000a\000c\000c\000i\000o\000n\000e\000s\000\040\000d\000e\000l\000\040\000a\000l\000u\000m\000n\000a\000d\000o}{section.8.9}% 86
\BOOKMARK [2][-]{subsection.8.9.4}{\376\377\000P\000r\000o\000b\000l\000e\000m\000a\000s\000\040\000d\000e\000t\000e\000c\000t\000a\000d\000o\000s\000\040\000y\000\040\000m\000e\000j\000o\000r\000a\000s\000\040\000a\000p\000l\000i\000c\000a\000d\000a\000s}{section.8.9}% 87
\BOOKMARK [2][-]{subsection.8.9.5}{\376\377\000V\000a\000l\000o\000r\000\040\000a\000c\000a\000d\000\351\000m\000i\000c\000o\000\040\000d\000e\000\040\000l\000a\000\040\000v\000a\000l\000i\000d\000a\000c\000i\000\363\000n\000\040\000e\000m\000p\000\355\000r\000i\000c\000a}{section.8.9}% 88
\BOOKMARK [2][-]{subsection.8.9.6}{\376\377\000E\000v\000i\000d\000e\000n\000c\000i\000a\000\040\000v\000i\000s\000u\000a\000l\000\040\000d\000e\000\040\000l\000a\000\040\000d\000e\000m\000o\000s\000t\000r\000a\000c\000i\000\363\000n}{section.8.9}% 89
\BOOKMARK [1][-]{section.8.10}{\376\377\000S\000\355\000n\000t\000e\000s\000i\000s\000\040\000d\000e\000l\000\040\000p\000l\000a\000n\000\040\000d\000e\000\040\000i\000m\000p\000l\000a\000n\000t\000a\000c\000i\000\363\000n}{chapter.8}% 90
\BOOKMARK [0][-]{chapter.9}{\376\377\000C\000o\000n\000c\000l\000u\000s\000i\000o\000n\000e\000s\000\040\000y\000\040\000l\000\355\000n\000e\000a\000s\000\040\000d\000e\000\040\000t\000r\000a\000b\000a\000j\000o\000\040\000f\000u\000t\000u\000r\000o}{}% 91
