This is pdfTeX, Version 3.141592653-2.6-1.40.26 (MiKTeX 24.4) (preloaded format=pdflatex 2024.9.27)  6 JAN 2026 18:31
entering extended mode
 restricted \write18 enabled.
 file:line:error style messages enabled.
 %&-line parsing enabled.
**c:/Users/jl444/OneDrive/Escritorio/TFG/main.tex
(c:/Users/jl444/OneDrive/Escritorio/TFG/main.tex
LaTeX2e <2024-06-01> patch level 2
L3 programming layer <2024-08-30>
(C:\Users\jl444\AppData\Local\Programs\MiKTeX\tex/latex/base\book.cls
Document Class: book 2024/02/08 v1.4n Standard LaTeX document class
(C:\Users\jl444\AppData\Local\Programs\MiKTeX\tex/latex/base\bk12.clo
File: bk12.clo 2024/02/08 v1.4n Standard LaTeX file (size option)
)
\c@part=\count194
\c@chapter=\count195
\c@section=\count196
\c@subsection=\count197
\c@subsubsection=\count198
\c@paragraph=\count199
\c@subparagraph=\count266
\c@figure=\count267
\c@table=\count268
\abovecaptionskip=\skip49
\belowcaptionskip=\skip50
\bibindent=\dimen141
) (C:\Users\jl444\AppData\Local\Programs\MiKTeX\tex/latex/base\inputenc.sty
Package: inputenc 2024/02/08 v1.3d Input encoding file
\inpenc@prehook=\toks17
\inpenc@posthook=\toks18
) (C:\Users\jl444\AppData\Local\Programs\MiKTeX\tex/latex/base\fontenc.sty
Package: fontenc 2021/04/29 v2.0v Standard LaTeX package
) (C:\Users\jl444\AppData\Local\Programs\MiKTeX\tex/latex/psnfss\times.sty
Package: times 2020/03/25 PSNFSS-v9.3 (SPQR) 
) (C:\Users\jl444\AppData\Local\Programs\MiKTeX\tex/generic/babel\babel.sty
Package: babel 2024/08/29 v24.9 The Babel package
\babel@savecnt=\count269
\U@D=\dimen142
\l@unhyphenated=\language79
 (C:\Users\jl444\AppData\Local\Programs\MiKTeX\tex/generic/babel\txtbabel.def)
\bbl@readstream=\read2
\bbl@dirlevel=\count270

*************************************
* Local config file bblopts.cfg used
*
(C:\Users\jl444\AppData\Local\Programs\MiKTeX\tex/latex/arabi\bblopts.cfg
File: bblopts.cfg 2005/09/08 v0.1 add Arabic and Farsi to "declared" options of babel
) (C:\Users\jl444\AppData\Local\Programs\MiKTeX\tex/latex/babel-spanish\spanish.ldf
Language: spanish.ldf 2021/05/27 v5.0q Spanish support from the babel system
\es@quottoks=\toks19
\es@quotdepth=\count271
)) (C:\Users\jl444\AppData\Local\Programs\MiKTeX\tex/generic/babel/locale/es\babel-spanish.tex
Package babel Info: Importing font and identification data for spanish
(babel)             from babel-es.ini. Reported on input line 11.
)
LaTeX Info: Redefining \. on input line 14.
LaTeX Info: Redefining \% on input line 14.
 (C:\Users\jl444\AppData\Local\Programs\MiKTeX\tex/latex/amsfonts\amssymb.sty
Package: amssymb 2013/01/14 v3.01 AMS font symbols
 (C:\Users\jl444\AppData\Local\Programs\MiKTeX\tex/latex/amsfonts\amsfonts.sty
Package: amsfonts 2013/01/14 v3.01 Basic AMSFonts support
\@emptytoks=\toks20
\symAMSa=\mathgroup4
\symAMSb=\mathgroup5
LaTeX Font Info:    Redeclaring math symbol \hbar on input line 98.
LaTeX Font Info:    Overwriting math alphabet `\mathfrak' in version `bold'
(Font)                  U/euf/m/n --> U/euf/b/n on input line 106.
)) (C:\Users\jl444\AppData\Local\Programs\MiKTeX\tex/latex/amscls\amsthm.sty
Package: amsthm 2020/05/29 v2.20.6
\thm@style=\toks21
\thm@bodyfont=\toks22
\thm@headfont=\toks23
\thm@notefont=\toks24
\thm@headpunct=\toks25
\thm@preskip=\skip51
\thm@postskip=\skip52
\thm@headsep=\skip53
\dth@everypar=\toks26
) (C:\Users\jl444\AppData\Local\Programs\MiKTeX\tex/latex/amsmath\amsmath.sty
Package: amsmath 2024/05/23 v2.17q AMS math features
\@mathmargin=\skip54

For additional information on amsmath, use the `?' option.
(C:\Users\jl444\AppData\Local\Programs\MiKTeX\tex/latex/amsmath\amstext.sty
Package: amstext 2021/08/26 v2.01 AMS text
 (C:\Users\jl444\AppData\Local\Programs\MiKTeX\tex/latex/amsmath\amsgen.sty
File: amsgen.sty 1999/11/30 v2.0 generic functions
\@emptytoks=\toks27
\ex@=\dimen143
)) (C:\Users\jl444\AppData\Local\Programs\MiKTeX\tex/latex/amsmath\amsbsy.sty
Package: amsbsy 1999/11/29 v1.2d Bold Symbols
\pmbraise@=\dimen144
) (C:\Users\jl444\AppData\Local\Programs\MiKTeX\tex/latex/amsmath\amsopn.sty
Package: amsopn 2022/04/08 v2.04 operator names
)
\inf@bad=\count272
LaTeX Info: Redefining \frac on input line 233.
\uproot@=\count273
\leftroot@=\count274
LaTeX Info: Redefining \overline on input line 398.
LaTeX Info: Redefining \colon on input line 409.
\classnum@=\count275
\DOTSCASE@=\count276
LaTeX Info: Redefining \ldots on input line 495.
LaTeX Info: Redefining \dots on input line 498.
LaTeX Info: Redefining \cdots on input line 619.
\Mathstrutbox@=\box52
\strutbox@=\box53
LaTeX Info: Redefining \big on input line 721.
LaTeX Info: Redefining \Big on input line 722.
LaTeX Info: Redefining \bigg on input line 723.
LaTeX Info: Redefining \Bigg on input line 724.
\big@size=\dimen145
LaTeX Font Info:    Redeclaring font encoding OML on input line 742.
LaTeX Font Info:    Redeclaring font encoding OMS on input line 743.
\macc@depth=\count277
LaTeX Info: Redefining \bmod on input line 904.
LaTeX Info: Redefining \pmod on input line 909.
LaTeX Info: Redefining \smash on input line 939.
LaTeX Info: Redefining \relbar on input line 969.
LaTeX Info: Redefining \Relbar on input line 970.
\c@MaxMatrixCols=\count278
\dotsspace@=\muskip17
\c@parentequation=\count279
\dspbrk@lvl=\count280
\tag@help=\toks28
\row@=\count281
\column@=\count282
\maxfields@=\count283
\andhelp@=\toks29
\eqnshift@=\dimen146
\alignsep@=\dimen147
\tagshift@=\dimen148
\tagwidth@=\dimen149
\totwidth@=\dimen150
\lineht@=\dimen151
\@envbody=\toks30
\multlinegap=\skip55
\multlinetaggap=\skip56
\mathdisplay@stack=\toks31
LaTeX Info: Redefining \[ on input line 2953.
LaTeX Info: Redefining \] on input line 2954.
) (C:\Users\jl444\AppData\Local\Programs\MiKTeX\tex/latex/graphics\graphicx.sty
Package: graphicx 2021/09/16 v1.2d Enhanced LaTeX Graphics (DPC,SPQR)
 (C:\Users\jl444\AppData\Local\Programs\MiKTeX\tex/latex/graphics\keyval.sty
Package: keyval 2022/05/29 v1.15 key=value parser (DPC)
\KV@toks@=\toks32
) (C:\Users\jl444\AppData\Local\Programs\MiKTeX\tex/latex/graphics\graphics.sty
Package: graphics 2024/05/23 v1.4g Standard LaTeX Graphics (DPC,SPQR)
 (C:\Users\jl444\AppData\Local\Programs\MiKTeX\tex/latex/graphics\trig.sty
Package: trig 2023/12/02 v1.11 sin cos tan (DPC)
) (C:\Users\jl444\AppData\Local\Programs\MiKTeX\tex/latex/graphics-cfg\graphics.cfg
File: graphics.cfg 2016/06/04 v1.11 sample graphics configuration
)
Package graphics Info: Driver file: dvips.def on input line 106.
 (C:\Users\jl444\AppData\Local\Programs\MiKTeX\tex/latex/graphics-def\dvips.def
File: dvips.def 2022/09/22 v3.1e Graphics/color driver for dvips
))
\Gin@req@height=\dimen152
\Gin@req@width=\dimen153
) (C:\Users\jl444\AppData\Local\Programs\MiKTeX\tex/latex/graphics\rotating.sty
Package: rotating 2016/08/11 v2.16d rotated objects in LaTeX
 (C:\Users\jl444\AppData\Local\Programs\MiKTeX\tex/latex/base\ifthen.sty
Package: ifthen 2024/03/16 v1.1e Standard LaTeX ifthen package (DPC)
)
\c@r@tfl@t=\count284
\rotFPtop=\skip57
\rotFPbot=\skip58
\rot@float@box=\box54
\rot@mess@toks=\toks33
) (C:\Users\jl444\AppData\Local\Programs\MiKTeX\tex/latex/wrapfig\wrapfig.sty
\wrapoverhang=\dimen154
\WF@size=\dimen155
\c@WF@wrappedlines=\count285
\WF@box=\box55
\WF@everypar=\toks34
Package: wrapfig 2003/01/31  v 3.6
) (C:\Users\jl444\AppData\Local\Programs\MiKTeX\tex/latex/float\float.sty
Package: float 2001/11/08 v1.3d Float enhancements (AL)
\c@float@type=\count286
\float@exts=\toks35
\float@box=\box56
\@float@everytoks=\toks36
\@floatcapt=\box57
) (C:\Users\jl444\AppData\Local\Programs\MiKTeX\tex/latex/caption\caption.sty
Package: caption 2023/08/05 v3.6o Customizing captions (AR)
 (C:\Users\jl444\AppData\Local\Programs\MiKTeX\tex/latex/caption\caption3.sty
Package: caption3 2023/07/31 v2.4d caption3 kernel (AR)
\caption@tempdima=\dimen156
\captionmargin=\dimen157
\caption@leftmargin=\dimen158
\caption@rightmargin=\dimen159
\caption@width=\dimen160
\caption@indent=\dimen161
\caption@parindent=\dimen162
\caption@hangindent=\dimen163
Package caption Info: Standard document class detected.
)
\c@caption@flags=\count287
\c@continuedfloat=\count288
Package caption Info: float package is loaded.
Package caption Info: rotating package is loaded.
Package caption Info: wrapfig package is loaded.
) (C:\Users\jl444\AppData\Local\Programs\MiKTeX\tex/latex/caption\subcaption.sty
Package: subcaption 2023/07/28 v1.6b Sub-captions (AR)
Package caption Info: New subtype `subfigure' on input line 238.
\c@subfigure=\count289
Package caption Info: New subtype `subtable' on input line 238.
\c@subtable=\count290
) (C:\Users\jl444\AppData\Local\Programs\MiKTeX\tex/latex/multirow\multirow.sty
Package: multirow 2021/03/15 v2.8 Span multiple rows of a table
\multirow@colwidth=\skip59
\multirow@cntb=\count291
\multirow@dima=\skip60
\bigstrutjot=\dimen164
) (C:\Users\jl444\AppData\Local\Programs\MiKTeX\tex/latex/tools\multicol.sty
Package: multicol 2024/05/23 v1.9h multicolumn formatting (FMi)
\c@tracingmulticols=\count292
\mult@box=\box58
\multicol@leftmargin=\dimen165
\c@unbalance=\count293
\c@collectmore=\count294
\doublecol@number=\count295
\multicoltolerance=\count296
\multicolpretolerance=\count297
\full@width=\dimen166
\page@free=\dimen167
\premulticols=\dimen168
\postmulticols=\dimen169
\multicolsep=\skip61
\multicolbaselineskip=\skip62
\partial@page=\box59
\last@line=\box60
\mc@boxedresult=\box61
\maxbalancingoverflow=\dimen170
\mult@rightbox=\box62
\mult@grightbox=\box63
\mult@firstbox=\box64
\mult@gfirstbox=\box65
\@tempa=\box66
\@tempa=\box67
\@tempa=\box68
\@tempa=\box69
\@tempa=\box70
\@tempa=\box71
\@tempa=\box72
\@tempa=\box73
\@tempa=\box74
\@tempa=\box75
\@tempa=\box76
\@tempa=\box77
\@tempa=\box78
\@tempa=\box79
\@tempa=\box80
\@tempa=\box81
\@tempa=\box82
\@tempa=\box83
\@tempa=\box84
\@tempa=\box85
\@tempa=\box86
\@tempa=\box87
\@tempa=\box88
\@tempa=\box89
\@tempa=\box90
\@tempa=\box91
\@tempa=\box92
\@tempa=\box93
\@tempa=\box94
\@tempa=\box95
\@tempa=\box96
\@tempa=\box97
\@tempa=\box98
\@tempa=\box99
\@tempa=\box100
\@tempa=\box101
\c@minrows=\count298
\c@columnbadness=\count299
\c@finalcolumnbadness=\count300
\last@try=\dimen171
\multicolovershoot=\dimen172
\multicolundershoot=\dimen173
\mult@nat@firstbox=\box102
\colbreak@box=\box103
\mc@col@check@num=\count301
) (C:\Users\jl444\AppData\Local\Programs\MiKTeX\tex/latex/pdfpages\pdfpages.sty
Package: pdfpages 2024/08/20 v0.6b Insert pages of external PDF documents (AM)
 (C:\Users\jl444\AppData\Local\Programs\MiKTeX\tex/latex/tools\calc.sty
Package: calc 2023/07/08 v4.3 Infix arithmetic (KKT,FJ)
\calc@Acount=\count302
\calc@Bcount=\count303
\calc@Adimen=\dimen174
\calc@Bdimen=\dimen175
\calc@Askip=\skip63
\calc@Bskip=\skip64
LaTeX Info: Redefining \setlength on input line 80.
LaTeX Info: Redefining \addtolength on input line 81.
\calc@Ccount=\count304
\calc@Cskip=\skip65
) (C:\Users\jl444\AppData\Local\Programs\MiKTeX\tex/latex/eso-pic\eso-pic.sty
Package: eso-pic 2023/05/03 v3.0c eso-pic (RN)
\ESO@tempdima=\dimen176
\ESO@tempdimb=\dimen177
 (C:\Users\jl444\AppData\Local\Programs\MiKTeX\tex/latex/xcolor\xcolor.sty
Package: xcolor 2023/11/15 v3.01 LaTeX color extensions (UK)
 (C:\Users\jl444\AppData\Local\Programs\MiKTeX\tex/latex/graphics-cfg\color.cfg
File: color.cfg 2016/01/02 v1.6 sample color configuration
)
Package xcolor Info: Driver file: pdftex.def on input line 274.
 (C:\Users\jl444\AppData\Local\Programs\MiKTeX\tex/latex/graphics-def\pdftex.def
File: pdftex.def 2024/04/13 v1.2c Graphics/color driver for pdftex
) (C:\Users\jl444\AppData\Local\Programs\MiKTeX\tex/latex/graphics\mathcolor.ltx)
Package xcolor Info: Model `cmy' substituted by `cmy0' on input line 1350.
Package xcolor Info: Model `RGB' extended on input line 1366.
Package xcolor Info: Model `HTML' substituted by `rgb' on input line 1368.
Package xcolor Info: Model `Hsb' substituted by `hsb' on input line 1369.
Package xcolor Info: Model `tHsb' substituted by `hsb' on input line 1370.
Package xcolor Info: Model `HSB' substituted by `hsb' on input line 1371.
Package xcolor Info: Model `Gray' substituted by `gray' on input line 1372.
Package xcolor Info: Model `wave' substituted by `hsb' on input line 1373.
))
\AM@pagewidth=\dimen178
\AM@pageheight=\dimen179
\AM@fboxrule=\dimen180
 (C:\Users\jl444\AppData\Local\Programs\MiKTeX\tex/latex/pdfpages\pppdftex.def
File: pppdftex.def 2024/08/20 v0.6b Pdfpages driver for pdfTeX (AM)
)
\pdfpages@includegraphics@status=\count305
\AM@pagebox=\box104
\AM@global@opts=\toks37
\AM@pagecnt=\count306
\AM@toc@title=\toks38
\AM@lof@heading=\toks39
\c@AM@survey=\count307
\AM@templatesizebox=\box105
) (C:\Users\jl444\AppData\Local\Programs\MiKTeX\tex/latex/hyperref\hyperref.sty
Package: hyperref 2024-07-10 v7.01j Hypertext links for LaTeX
 (C:\Users\jl444\AppData\Local\Programs\MiKTeX\tex/generic/iftex\iftex.sty
Package: iftex 2022/02/03 v1.0f TeX engine tests
) (C:\Users\jl444\AppData\Local\Programs\MiKTeX\tex/latex/kvsetkeys\kvsetkeys.sty
Package: kvsetkeys 2022-10-05 v1.19 Key value parser (HO)
) (C:\Users\jl444\AppData\Local\Programs\MiKTeX\tex/generic/kvdefinekeys\kvdefinekeys.sty
Package: kvdefinekeys 2019-12-19 v1.6 Define keys (HO)
) (C:\Users\jl444\AppData\Local\Programs\MiKTeX\tex/generic/pdfescape\pdfescape.sty
Package: pdfescape 2019/12/09 v1.15 Implements pdfTeX's escape features (HO)
 (C:\Users\jl444\AppData\Local\Programs\MiKTeX\tex/generic/ltxcmds\ltxcmds.sty
Package: ltxcmds 2023-12-04 v1.26 LaTeX kernel commands for general use (HO)
) (C:\Users\jl444\AppData\Local\Programs\MiKTeX\tex/generic/pdftexcmds\pdftexcmds.sty
Package: pdftexcmds 2020-06-27 v0.33 Utility functions of pdfTeX for LuaTeX (HO)
 (C:\Users\jl444\AppData\Local\Programs\MiKTeX\tex/generic/infwarerr\infwarerr.sty
Package: infwarerr 2019/12/03 v1.5 Providing info/warning/error messages (HO)
)
Package pdftexcmds Info: \pdf@primitive is available.
Package pdftexcmds Info: \pdf@ifprimitive is available.
Package pdftexcmds Info: \pdfdraftmode found.
)) (C:\Users\jl444\AppData\Local\Programs\MiKTeX\tex/latex/hycolor\hycolor.sty
Package: hycolor 2020-01-27 v1.10 Color options for hyperref/bookmark (HO)
) (C:\Users\jl444\AppData\Local\Programs\MiKTeX\tex/latex/hyperref\nameref.sty
Package: nameref 2023-11-26 v2.56 Cross-referencing by name of section
 (C:\Users\jl444\AppData\Local\Programs\MiKTeX\tex/latex/refcount\refcount.sty
Package: refcount 2019/12/15 v3.6 Data extraction from label references (HO)
) (C:\Users\jl444\AppData\Local\Programs\MiKTeX\tex/generic/gettitlestring\gettitlestring.sty
Package: gettitlestring 2019/12/15 v1.6 Cleanup title references (HO)
 (C:\Users\jl444\AppData\Local\Programs\MiKTeX\tex/latex/kvoptions\kvoptions.sty
Package: kvoptions 2022-06-15 v3.15 Key value format for package options (HO)
))
\c@section@level=\count308
) (C:\Users\jl444\AppData\Local\Programs\MiKTeX\tex/latex/etoolbox\etoolbox.sty
Package: etoolbox 2020/10/05 v2.5k e-TeX tools for LaTeX (JAW)
\etb@tempcnta=\count309
) (C:\Users\jl444\AppData\Local\Programs\MiKTeX\tex/generic/stringenc\stringenc.sty
Package: stringenc 2019/11/29 v1.12 Convert strings between diff. encodings (HO)
)
\@linkdim=\dimen181
\Hy@linkcounter=\count310
\Hy@pagecounter=\count311
 (C:\Users\jl444\AppData\Local\Programs\MiKTeX\tex/latex/hyperref\pd1enc.def
File: pd1enc.def 2024-07-10 v7.01j Hyperref: PDFDocEncoding definition (HO)
Now handling font encoding PD1 ...
... no UTF-8 mapping file for font encoding PD1
) (C:\Users\jl444\AppData\Local\Programs\MiKTeX\tex/generic/intcalc\intcalc.sty
Package: intcalc 2019/12/15 v1.3 Expandable calculations with integers (HO)
)
\Hy@SavedSpaceFactor=\count312
 (C:\Users\jl444\AppData\Local\Programs\MiKTeX\tex/latex/hyperref\puenc.def
File: puenc.def 2024-07-10 v7.01j Hyperref: PDF Unicode definition (HO)
Now handling font encoding PU ...
... no UTF-8 mapping file for font encoding PU
)
Package hyperref Info: Option `breaklinks' set `true' on input line 4040.
Package hyperref Info: Option `colorlinks' set `true' on input line 4040.
Package hyperref Info: Option `bookmarks' set `true' on input line 4040.
Package hyperref Info: Hyper figures OFF on input line 4157.
Package hyperref Info: Link nesting OFF on input line 4162.
Package hyperref Info: Hyper index ON on input line 4165.
Package hyperref Info: Plain pages OFF on input line 4172.
Package hyperref Info: Backreferencing OFF on input line 4177.
Package hyperref Info: Implicit mode ON; LaTeX internals redefined.
Package hyperref Info: Bookmarks ON on input line 4424.
\c@Hy@tempcnt=\count313
 (C:\Users\jl444\AppData\Local\Programs\MiKTeX\tex/latex/url\url.sty
\Urlmuskip=\muskip18
Package: url 2013/09/16  ver 3.4  Verb mode for urls, etc.
)
LaTeX Info: Redefining \url on input line 4763.
\XeTeXLinkMargin=\dimen182
 (C:\Users\jl444\AppData\Local\Programs\MiKTeX\tex/generic/bitset\bitset.sty
Package: bitset 2019/12/09 v1.3 Handle bit-vector datatype (HO)
 (C:\Users\jl444\AppData\Local\Programs\MiKTeX\tex/generic/bigintcalc\bigintcalc.sty
Package: bigintcalc 2019/12/15 v1.5 Expandable calculations on big integers (HO)
))
\Fld@menulength=\count314
\Field@Width=\dimen183
\Fld@charsize=\dimen184
Package hyperref Info: Hyper figures OFF on input line 6042.
Package hyperref Info: Link nesting OFF on input line 6047.
Package hyperref Info: Hyper index ON on input line 6050.
Package hyperref Info: backreferencing OFF on input line 6057.
Package hyperref Info: Link coloring ON on input line 6060.
Package hyperref Info: Link coloring with OCG OFF on input line 6067.
Package hyperref Info: PDF/A mode OFF on input line 6072.
 (C:\Users\jl444\AppData\Local\Programs\MiKTeX\tex/latex/base\atbegshi-ltx.sty
Package: atbegshi-ltx 2021/01/10 v1.0c Emulation of the original atbegshi
package with kernel methods
)
\Hy@abspage=\count315
\c@Item=\count316
\c@Hfootnote=\count317
)
Package hyperref Info: Driver (autodetected): hpdftex.
 (C:\Users\jl444\AppData\Local\Programs\MiKTeX\tex/latex/hyperref\hpdftex.def
File: hpdftex.def 2024-07-10 v7.01j Hyperref driver for pdfTeX
 (C:\Users\jl444\AppData\Local\Programs\MiKTeX\tex/latex/base\atveryend-ltx.sty
Package: atveryend-ltx 2020/08/19 v1.0a Emulation of the original atveryend package
with kernel methods
)
\Fld@listcount=\count318
\c@bookmark@seq@number=\count319
 (C:\Users\jl444\AppData\Local\Programs\MiKTeX\tex/latex/rerunfilecheck\rerunfilecheck.sty
Package: rerunfilecheck 2022-07-10 v1.10 Rerun checks for auxiliary files (HO)
 (C:\Users\jl444\AppData\Local\Programs\MiKTeX\tex/generic/uniquecounter\uniquecounter.sty
Package: uniquecounter 2019/12/15 v1.4 Provide unlimited unique counter (HO)
)
Package uniquecounter Info: New unique counter `rerunfilecheck' on input line 285.
)
\Hy@SectionHShift=\skip66
) (C:\Users\jl444\AppData\Local\Programs\MiKTeX\tex/latex/emptypage\emptypage.sty
Package: emptypage 2010/05/30 v1.2 Suppress page numbers and headings on empty pages
) (C:\Users\jl444\AppData\Local\Programs\MiKTeX\tex/latex/ragged2e\ragged2e.sty
Package: ragged2e 2023/06/22 v3.6 ragged2e Package
\CenteringLeftskip=\skip67
\RaggedLeftLeftskip=\skip68
\RaggedRightLeftskip=\skip69
\CenteringRightskip=\skip70
\RaggedLeftRightskip=\skip71
\RaggedRightRightskip=\skip72
\CenteringParfillskip=\skip73
\RaggedLeftParfillskip=\skip74
\RaggedRightParfillskip=\skip75
\JustifyingParfillskip=\skip76
\CenteringParindent=\skip77
\RaggedLeftParindent=\skip78
\RaggedRightParindent=\skip79
\JustifyingParindent=\skip80
) (C:\Users\jl444\AppData\Local\Programs\MiKTeX\tex/latex/natbib\natbib.sty
Package: natbib 2010/09/13 8.31b (PWD, AO)
\bibhang=\skip81
\bibsep=\skip82
LaTeX Info: Redefining \cite on input line 694.
\c@NAT@ctr=\count320
) (UAL.sty (C:\Users\jl444\AppData\Local\Programs\MiKTeX\tex/latex/geometry\geometry.sty
Package: geometry 2020/01/02 v5.9 Page Geometry
 (C:\Users\jl444\AppData\Local\Programs\MiKTeX\tex/generic/iftex\ifvtex.sty
Package: ifvtex 2019/10/25 v1.7 ifvtex legacy package. Use iftex instead.
)
\Gm@cnth=\count321
\Gm@cntv=\count322
\c@Gm@tempcnt=\count323
\Gm@bindingoffset=\dimen185
\Gm@wd@mp=\dimen186
\Gm@odd@mp=\dimen187
\Gm@even@mp=\dimen188
\Gm@layoutwidth=\dimen189
\Gm@layoutheight=\dimen190
\Gm@layouthoffset=\dimen191
\Gm@layoutvoffset=\dimen192
\Gm@dimlist=\toks40
 (C:\Users\jl444\AppData\Local\Programs\MiKTeX\tex/latex/geometry\geometry.cfg)) (C:\Users\jl444\AppData\Local\Programs\MiKTeX\tex/latex/pgf/frontendlayer\tikz.sty (C:\Users\jl444\AppData\Local\Programs\MiKTeX\tex/latex/pgf/basiclayer\pgf.sty (C:\Users\jl444\AppData\Local\Programs\MiKTeX\tex/latex/pgf/utilities\pgfrcs.sty (C:\Users\jl444\AppData\Local\Programs\MiKTeX\tex/generic/pgf/utilities\pgfutil-common.tex
\pgfutil@everybye=\toks41
\pgfutil@tempdima=\dimen193
\pgfutil@tempdimb=\dimen194
) (C:\Users\jl444\AppData\Local\Programs\MiKTeX\tex/generic/pgf/utilities\pgfutil-latex.def
\pgfutil@abb=\box106
) (C:\Users\jl444\AppData\Local\Programs\MiKTeX\tex/generic/pgf/utilities\pgfrcs.code.tex (C:\Users\jl444\AppData\Local\Programs\MiKTeX\tex/generic/pgf\pgf.revision.tex)
Package: pgfrcs 2023-01-15 v3.1.10 (3.1.10)
))
Package: pgf 2023-01-15 v3.1.10 (3.1.10)
 (C:\Users\jl444\AppData\Local\Programs\MiKTeX\tex/latex/pgf/basiclayer\pgfcore.sty (C:\Users\jl444\AppData\Local\Programs\MiKTeX\tex/latex/pgf/systemlayer\pgfsys.sty (C:\Users\jl444\AppData\Local\Programs\MiKTeX\tex/generic/pgf/systemlayer\pgfsys.code.tex
Package: pgfsys 2023-01-15 v3.1.10 (3.1.10)
 (C:\Users\jl444\AppData\Local\Programs\MiKTeX\tex/generic/pgf/utilities\pgfkeys.code.tex
\pgfkeys@pathtoks=\toks42
\pgfkeys@temptoks=\toks43
 (C:\Users\jl444\AppData\Local\Programs\MiKTeX\tex/generic/pgf/utilities\pgfkeyslibraryfiltered.code.tex
\pgfkeys@tmptoks=\toks44
))
\pgf@x=\dimen195
\pgf@y=\dimen196
\pgf@xa=\dimen197
\pgf@ya=\dimen198
\pgf@xb=\dimen199
\pgf@yb=\dimen256
\pgf@xc=\dimen257
\pgf@yc=\dimen258
\pgf@xd=\dimen259
\pgf@yd=\dimen260
\w@pgf@writea=\write3
\r@pgf@reada=\read3
\c@pgf@counta=\count324
\c@pgf@countb=\count325
\c@pgf@countc=\count326
\c@pgf@countd=\count327
\t@pgf@toka=\toks45
\t@pgf@tokb=\toks46
\t@pgf@tokc=\toks47
\pgf@sys@id@count=\count328
 (C:\Users\jl444\AppData\Local\Programs\MiKTeX\tex/generic/pgf/systemlayer\pgf.cfg
File: pgf.cfg 2023-01-15 v3.1.10 (3.1.10)
)
Driver file for pgf: pgfsys-pdftex.def
 (C:\Users\jl444\AppData\Local\Programs\MiKTeX\tex/generic/pgf/systemlayer\pgfsys-pdftex.def
File: pgfsys-pdftex.def 2023-01-15 v3.1.10 (3.1.10)
 (C:\Users\jl444\AppData\Local\Programs\MiKTeX\tex/generic/pgf/systemlayer\pgfsys-common-pdf.def
File: pgfsys-common-pdf.def 2023-01-15 v3.1.10 (3.1.10)
))) (C:\Users\jl444\AppData\Local\Programs\MiKTeX\tex/generic/pgf/systemlayer\pgfsyssoftpath.code.tex
File: pgfsyssoftpath.code.tex 2023-01-15 v3.1.10 (3.1.10)
\pgfsyssoftpath@smallbuffer@items=\count329
\pgfsyssoftpath@bigbuffer@items=\count330
) (C:\Users\jl444\AppData\Local\Programs\MiKTeX\tex/generic/pgf/systemlayer\pgfsysprotocol.code.tex
File: pgfsysprotocol.code.tex 2023-01-15 v3.1.10 (3.1.10)
)) (C:\Users\jl444\AppData\Local\Programs\MiKTeX\tex/generic/pgf/basiclayer\pgfcore.code.tex
Package: pgfcore 2023-01-15 v3.1.10 (3.1.10)
 (C:\Users\jl444\AppData\Local\Programs\MiKTeX\tex/generic/pgf/math\pgfmath.code.tex (C:\Users\jl444\AppData\Local\Programs\MiKTeX\tex/generic/pgf/math\pgfmathutil.code.tex) (C:\Users\jl444\AppData\Local\Programs\MiKTeX\tex/generic/pgf/math\pgfmathparser.code.tex
\pgfmath@dimen=\dimen261
\pgfmath@count=\count331
\pgfmath@box=\box107
\pgfmath@toks=\toks48
\pgfmath@stack@operand=\toks49
\pgfmath@stack@operation=\toks50
) (C:\Users\jl444\AppData\Local\Programs\MiKTeX\tex/generic/pgf/math\pgfmathfunctions.code.tex) (C:\Users\jl444\AppData\Local\Programs\MiKTeX\tex/generic/pgf/math\pgfmathfunctions.basic.code.tex) (C:\Users\jl444\AppData\Local\Programs\MiKTeX\tex/generic/pgf/math\pgfmathfunctions.trigonometric.code.tex) (C:\Users\jl444\AppData\Local\Programs\MiKTeX\tex/generic/pgf/math\pgfmathfunctions.random.code.tex) (C:\Users\jl444\AppData\Local\Programs\MiKTeX\tex/generic/pgf/math\pgfmathfunctions.comparison.code.tex) (C:\Users\jl444\AppData\Local\Programs\MiKTeX\tex/generic/pgf/math\pgfmathfunctions.base.code.tex) (C:\Users\jl444\AppData\Local\Programs\MiKTeX\tex/generic/pgf/math\pgfmathfunctions.round.code.tex) (C:\Users\jl444\AppData\Local\Programs\MiKTeX\tex/generic/pgf/math\pgfmathfunctions.misc.code.tex) (C:\Users\jl444\AppData\Local\Programs\MiKTeX\tex/generic/pgf/math\pgfmathfunctions.integerarithmetics.code.tex) (C:\Users\jl444\AppData\Local\Programs\MiKTeX\tex/generic/pgf/math\pgfmathcalc.code.tex) (C:\Users\jl444\AppData\Local\Programs\MiKTeX\tex/generic/pgf/math\pgfmathfloat.code.tex
\c@pgfmathroundto@lastzeros=\count332
)) (C:\Users\jl444\AppData\Local\Programs\MiKTeX\tex/generic/pgf/math\pgfint.code.tex) (C:\Users\jl444\AppData\Local\Programs\MiKTeX\tex/generic/pgf/basiclayer\pgfcorepoints.code.tex
File: pgfcorepoints.code.tex 2023-01-15 v3.1.10 (3.1.10)
\pgf@picminx=\dimen262
\pgf@picmaxx=\dimen263
\pgf@picminy=\dimen264
\pgf@picmaxy=\dimen265
\pgf@pathminx=\dimen266
\pgf@pathmaxx=\dimen267
\pgf@pathminy=\dimen268
\pgf@pathmaxy=\dimen269
\pgf@xx=\dimen270
\pgf@xy=\dimen271
\pgf@yx=\dimen272
\pgf@yy=\dimen273
\pgf@zx=\dimen274
\pgf@zy=\dimen275
) (C:\Users\jl444\AppData\Local\Programs\MiKTeX\tex/generic/pgf/basiclayer\pgfcorepathconstruct.code.tex
File: pgfcorepathconstruct.code.tex 2023-01-15 v3.1.10 (3.1.10)
\pgf@path@lastx=\dimen276
\pgf@path@lasty=\dimen277
) (C:\Users\jl444\AppData\Local\Programs\MiKTeX\tex/generic/pgf/basiclayer\pgfcorepathusage.code.tex
File: pgfcorepathusage.code.tex 2023-01-15 v3.1.10 (3.1.10)
\pgf@shorten@end@additional=\dimen278
\pgf@shorten@start@additional=\dimen279
) (C:\Users\jl444\AppData\Local\Programs\MiKTeX\tex/generic/pgf/basiclayer\pgfcorescopes.code.tex
File: pgfcorescopes.code.tex 2023-01-15 v3.1.10 (3.1.10)
\pgfpic=\box108
\pgf@hbox=\box109
\pgf@layerbox@main=\box110
\pgf@picture@serial@count=\count333
) (C:\Users\jl444\AppData\Local\Programs\MiKTeX\tex/generic/pgf/basiclayer\pgfcoregraphicstate.code.tex
File: pgfcoregraphicstate.code.tex 2023-01-15 v3.1.10 (3.1.10)
\pgflinewidth=\dimen280
) (C:\Users\jl444\AppData\Local\Programs\MiKTeX\tex/generic/pgf/basiclayer\pgfcoretransformations.code.tex
File: pgfcoretransformations.code.tex 2023-01-15 v3.1.10 (3.1.10)
\pgf@pt@x=\dimen281
\pgf@pt@y=\dimen282
\pgf@pt@temp=\dimen283
) (C:\Users\jl444\AppData\Local\Programs\MiKTeX\tex/generic/pgf/basiclayer\pgfcorequick.code.tex
File: pgfcorequick.code.tex 2023-01-15 v3.1.10 (3.1.10)
) (C:\Users\jl444\AppData\Local\Programs\MiKTeX\tex/generic/pgf/basiclayer\pgfcoreobjects.code.tex
File: pgfcoreobjects.code.tex 2023-01-15 v3.1.10 (3.1.10)
) (C:\Users\jl444\AppData\Local\Programs\MiKTeX\tex/generic/pgf/basiclayer\pgfcorepathprocessing.code.tex
File: pgfcorepathprocessing.code.tex 2023-01-15 v3.1.10 (3.1.10)
) (C:\Users\jl444\AppData\Local\Programs\MiKTeX\tex/generic/pgf/basiclayer\pgfcorearrows.code.tex
File: pgfcorearrows.code.tex 2023-01-15 v3.1.10 (3.1.10)
\pgfarrowsep=\dimen284
) (C:\Users\jl444\AppData\Local\Programs\MiKTeX\tex/generic/pgf/basiclayer\pgfcoreshade.code.tex
File: pgfcoreshade.code.tex 2023-01-15 v3.1.10 (3.1.10)
\pgf@max=\dimen285
\pgf@sys@shading@range@num=\count334
\pgf@shadingcount=\count335
) (C:\Users\jl444\AppData\Local\Programs\MiKTeX\tex/generic/pgf/basiclayer\pgfcoreimage.code.tex
File: pgfcoreimage.code.tex 2023-01-15 v3.1.10 (3.1.10)
) (C:\Users\jl444\AppData\Local\Programs\MiKTeX\tex/generic/pgf/basiclayer\pgfcoreexternal.code.tex
File: pgfcoreexternal.code.tex 2023-01-15 v3.1.10 (3.1.10)
\pgfexternal@startupbox=\box111
) (C:\Users\jl444\AppData\Local\Programs\MiKTeX\tex/generic/pgf/basiclayer\pgfcorelayers.code.tex
File: pgfcorelayers.code.tex 2023-01-15 v3.1.10 (3.1.10)
) (C:\Users\jl444\AppData\Local\Programs\MiKTeX\tex/generic/pgf/basiclayer\pgfcoretransparency.code.tex
File: pgfcoretransparency.code.tex 2023-01-15 v3.1.10 (3.1.10)
) (C:\Users\jl444\AppData\Local\Programs\MiKTeX\tex/generic/pgf/basiclayer\pgfcorepatterns.code.tex
File: pgfcorepatterns.code.tex 2023-01-15 v3.1.10 (3.1.10)
) (C:\Users\jl444\AppData\Local\Programs\MiKTeX\tex/generic/pgf/basiclayer\pgfcorerdf.code.tex
File: pgfcorerdf.code.tex 2023-01-15 v3.1.10 (3.1.10)
))) (C:\Users\jl444\AppData\Local\Programs\MiKTeX\tex/generic/pgf/modules\pgfmoduleshapes.code.tex
File: pgfmoduleshapes.code.tex 2023-01-15 v3.1.10 (3.1.10)
\pgfnodeparttextbox=\box112
) (C:\Users\jl444\AppData\Local\Programs\MiKTeX\tex/generic/pgf/modules\pgfmoduleplot.code.tex
File: pgfmoduleplot.code.tex 2023-01-15 v3.1.10 (3.1.10)
) (C:\Users\jl444\AppData\Local\Programs\MiKTeX\tex/latex/pgf/compatibility\pgfcomp-version-0-65.sty
Package: pgfcomp-version-0-65 2023-01-15 v3.1.10 (3.1.10)
\pgf@nodesepstart=\dimen286
\pgf@nodesepend=\dimen287
) (C:\Users\jl444\AppData\Local\Programs\MiKTeX\tex/latex/pgf/compatibility\pgfcomp-version-1-18.sty
Package: pgfcomp-version-1-18 2023-01-15 v3.1.10 (3.1.10)
)) (C:\Users\jl444\AppData\Local\Programs\MiKTeX\tex/latex/pgf/utilities\pgffor.sty (C:\Users\jl444\AppData\Local\Programs\MiKTeX\tex/latex/pgf/utilities\pgfkeys.sty
(C:\Users\jl444\AppData\Local\Programs\MiKTeX\tex/generic/pgf/utilities\pgfkeys.code.tex)) (C:\Users\jl444\AppData\Local\Programs\MiKTeX\tex/latex/pgf/math\pgfmath.sty (C:\Users\jl444\AppData\Local\Programs\MiKTeX\tex/generic/pgf/math\pgfmath.code.tex)) (C:\Users\jl444\AppData\Local\Programs\MiKTeX\tex/generic/pgf/utilities\pgffor.code.tex
Package: pgffor 2023-01-15 v3.1.10 (3.1.10)
\pgffor@iter=\dimen288
\pgffor@skip=\dimen289
\pgffor@stack=\toks51
\pgffor@toks=\toks52
)) (C:\Users\jl444\AppData\Local\Programs\MiKTeX\tex/generic/pgf/frontendlayer/tikz\tikz.code.tex
Package: tikz 2023-01-15 v3.1.10 (3.1.10)
 (C:\Users\jl444\AppData\Local\Programs\MiKTeX\tex/generic/pgf/libraries\pgflibraryplothandlers.code.tex
File: pgflibraryplothandlers.code.tex 2023-01-15 v3.1.10 (3.1.10)
\pgf@plot@mark@count=\count336
\pgfplotmarksize=\dimen290
)
\tikz@lastx=\dimen291
\tikz@lasty=\dimen292
\tikz@lastxsaved=\dimen293
\tikz@lastysaved=\dimen294
\tikz@lastmovetox=\dimen295
\tikz@lastmovetoy=\dimen296
\tikzleveldistance=\dimen297
\tikzsiblingdistance=\dimen298
\tikz@figbox=\box113
\tikz@figbox@bg=\box114
\tikz@tempbox=\box115
\tikz@tempbox@bg=\box116
\tikztreelevel=\count337
\tikznumberofchildren=\count338
\tikznumberofcurrentchild=\count339
\tikz@fig@count=\count340
 (C:\Users\jl444\AppData\Local\Programs\MiKTeX\tex/generic/pgf/modules\pgfmodulematrix.code.tex
File: pgfmodulematrix.code.tex 2023-01-15 v3.1.10 (3.1.10)
\pgfmatrixcurrentrow=\count341
\pgfmatrixcurrentcolumn=\count342
\pgf@matrix@numberofcolumns=\count343
)
\tikz@expandcount=\count344
 (C:\Users\jl444\AppData\Local\Programs\MiKTeX\tex/generic/pgf/frontendlayer/tikz/libraries\tikzlibrarytopaths.code.tex
File: tikzlibrarytopaths.code.tex 2023-01-15 v3.1.10 (3.1.10)
))) (C:\Users\jl444\AppData\Local\Programs\MiKTeX\tex/latex/fancyhdr\fancyhdr.sty
Package: fancyhdr 2024/07/23 v4.3.1 Extensive control of page headers and footers
\f@nch@headwidth=\skip83
\f@nch@O@elh=\skip84
\f@nch@O@erh=\skip85
\f@nch@O@olh=\skip86
\f@nch@O@orh=\skip87
\f@nch@O@elf=\skip88
\f@nch@O@erf=\skip89
\f@nch@O@olf=\skip90
\f@nch@O@orf=\skip91
) (C:\Users\jl444\AppData\Local\Programs\MiKTeX\tex/latex/titlesec\titlesec.sty
Package: titlesec 2023/10/27 v2.16 Sectioning titles
\ttl@box=\box117
\beforetitleunit=\skip92
\aftertitleunit=\skip93
\ttl@plus=\dimen299
\ttl@minus=\dimen300
\ttl@toksa=\toks53
\titlewidth=\dimen301
\titlewidthlast=\dimen302
\titlewidthfirst=\dimen303
) (C:\Users\jl444\AppData\Local\Programs\MiKTeX\tex/latex/tools\afterpage.sty
Package: afterpage 2023/07/04 v1.08 After-Page Package (DPC)
\AP@output=\toks54
\AP@partial=\box118
\AP@footins=\box119
) (C:\Users\jl444\AppData\Local\Programs\MiKTeX\tex/latex/transparent\transparent.sty
Package: transparent 2022-10-27 v1.5 Transparency with color stacks
 (C:\Users\jl444\AppData\Local\Programs\MiKTeX\tex/latex/transparent\transparent-nometadata.sty
Package: transparent-nometadata 2022-10-27 v1.5 Transparency via pdfTeX's color stack (HO)
 (C:\Users\jl444\AppData\Local\Programs\MiKTeX\tex/latex/auxhook\auxhook.sty
Package: auxhook 2019-12-17 v1.6 Hooks for auxiliary files (HO)
))) (C:\Users\jl444\AppData\Local\Programs\MiKTeX\tex/latex/psnfss\helvet.sty
Package: helvet 2020/03/25 PSNFSS-v9.3 (WaS) 
) (C:\Users\jl444\AppData\Local\Programs\MiKTeX\tex/latex/pgfgantt\pgfgantt.sty
Package: pgfgantt 2024/06/19 v5.0a Draw Gantt diagrams with TikZ
 (C:\Users\jl444\AppData\Local\Programs\MiKTeX\tex/generic/pgf/frontendlayer/tikz/libraries\tikzlibraryarrows.code.tex
File: tikzlibraryarrows.code.tex 2023-01-15 v3.1.10 (3.1.10)
 (C:\Users\jl444\AppData\Local\Programs\MiKTeX\tex/generic/pgf/libraries\pgflibraryarrows.code.tex
File: pgflibraryarrows.code.tex 2023-01-15 v3.1.10 (3.1.10)
\arrowsize=\dimen304
)) (C:\Users\jl444\AppData\Local\Programs\MiKTeX\tex/generic/pgf/frontendlayer/tikz/libraries\tikzlibrarybackgrounds.code.tex
File: tikzlibrarybackgrounds.code.tex 2023-01-15 v3.1.10 (3.1.10)
\pgf@layerbox@background=\box120
\pgf@layerboxsaved@background=\box121
) (C:\Users\jl444\AppData\Local\Programs\MiKTeX\tex/generic/pgf/frontendlayer/tikz/libraries\tikzlibrarycalc.code.tex
File: tikzlibrarycalc.code.tex 2023-01-15 v3.1.10 (3.1.10)
) (C:\Users\jl444\AppData\Local\Programs\MiKTeX\tex/generic/pgf/frontendlayer/tikz/libraries\tikzlibrarypatterns.code.tex
File: tikzlibrarypatterns.code.tex 2023-01-15 v3.1.10 (3.1.10)
 (C:\Users\jl444\AppData\Local\Programs\MiKTeX\tex/generic/pgf/libraries\pgflibrarypatterns.code.tex
File: pgflibrarypatterns.code.tex 2023-01-15 v3.1.10 (3.1.10)
)) (C:\Users\jl444\AppData\Local\Programs\MiKTeX\tex/generic/pgf/frontendlayer/tikz/libraries\tikzlibrarypositioning.code.tex
File: tikzlibrarypositioning.code.tex 2023-01-15 v3.1.10 (3.1.10)
) (C:\Users\jl444\AppData\Local\Programs\MiKTeX\tex/generic/pgf/frontendlayer/tikz/libraries\tikzlibraryshapes.geometric.code.tex
File: tikzlibraryshapes.geometric.code.tex 2023-01-15 v3.1.10 (3.1.10)
 (C:\Users\jl444\AppData\Local\Programs\MiKTeX\tex/generic/pgf/libraries/shapes\pgflibraryshapes.geometric.code.tex
File: pgflibraryshapes.geometric.code.tex 2023-01-15 v3.1.10 (3.1.10)
)) (C:\Users\jl444\AppData\Local\Programs\MiKTeX\tex/latex/pgf/utilities\pgfcalendar.sty (C:\Users\jl444\AppData\Local\Programs\MiKTeX\tex/generic/pgf/utilities\pgfcalendar.code.tex
File: pgfcalendar.code.tex 2023-01-15 v3.1.10 (3.1.10)
\pgfcalendarcurrentjulian=\count345
\pgf@cal@easter@Y=\count346
\pgf@cal@easter@G=\count347
\pgf@cal@easter@C=\count348
\pgf@cal@easter@X=\count349
\pgf@cal@easter@Z=\count350
\pgf@cal@easter@D=\count351
\pgf@cal@easter@E=\count352
\pgf@cal@easter@N=\count353
\pgf@cal@easter@M=\count354
\pgf@cal@easter@julianday=\count355
))
\gtt@currentline=\count356
\gtt@lasttitleline=\count357
\gtt@currgrid=\count358
\gtt@chartwidth=\count359
\gtt@lasttitleslot=\count360
\gtt@elementid=\count361
\gtt@today@slot=\count362
\gtt@startjulian=\count363
\gtt@endjulian=\count364
\gtt@chartid=\count365
\gtt@vrule@slot=\count366
\gtt@calendar@slots=\count367
\gtt@calendar@weeknumber=\count368
\gtt@calendar@startofweek=\count369
\gtt@left@slot=\count370
\gtt@right@slot=\count371
)) (codigo.sty (C:\Users\jl444\AppData\Local\Programs\MiKTeX\tex/latex/listings\listings.sty
\lst@mode=\count372
\lst@gtempboxa=\box122
\lst@token=\toks55
\lst@length=\count373
\lst@currlwidth=\dimen305
\lst@column=\count374
\lst@pos=\count375
\lst@lostspace=\dimen306
\lst@width=\dimen307
\lst@newlines=\count376
\lst@lineno=\count377
\lst@maxwidth=\dimen308
 (C:\Users\jl444\AppData\Local\Programs\MiKTeX\tex/latex/listings\lstpatch.sty
File: lstpatch.sty 2024/05/25 1.10b (Carsten Heinz)
) (C:\Users\jl444\AppData\Local\Programs\MiKTeX\tex/latex/listings\lstmisc.sty
File: lstmisc.sty 2024/05/25 1.10b (Carsten Heinz)
\c@lstnumber=\count378
\lst@skipnumbers=\count379
\lst@framebox=\box123
) (C:\Users\jl444\AppData\Local\Programs\MiKTeX\tex/latex/listings\listings.cfg
File: listings.cfg 2024/05/25 1.10b listings configuration
))
Package: listings 2024/05/25 1.10b (Carsten Heinz)
 (C:\Users\jl444\AppData\Local\Programs\MiKTeX\tex/latex/listings\lstlang1.sty
File: lstlang1.sty 2024/05/25 1.10b listings language file
) (C:\Users\jl444\AppData\Local\Programs\MiKTeX\tex/latex/listings\lstmisc.sty
File: lstmisc.sty 2024/05/25 1.10b (Carsten Heinz)
)) (C:\Users\jl444\AppData\Local\Programs\MiKTeX\tex/latex/tools\longtable.sty
Package: longtable 2024-04-26 v4.20 Multi-page Table package (DPC)
\LTleft=\skip94
\LTright=\skip95
\LTpre=\skip96
\LTpost=\skip97
\LTchunksize=\count380
\LTcapwidth=\dimen309
\LT@head=\box124
\LT@firsthead=\box125
\LT@foot=\box126
\LT@lastfoot=\box127
\LT@gbox=\box128
\LT@cols=\count381
\LT@rows=\count382
\c@LT@tables=\count383
\c@LT@chunks=\count384
\LT@p@ftn=\toks56
) (C:\Users\jl444\AppData\Local\Programs\MiKTeX\tex/latex/tools\array.sty
Package: array 2024/06/14 v2.6d Tabular extension package (FMi)
\col@sep=\dimen310
\ar@mcellbox=\box129
\extrarowheight=\dimen311
\NC@list=\toks57
\extratabsurround=\skip98
\backup@length=\skip99
\ar@cellbox=\box130
) (C:\Users\jl444\AppData\Local\Programs\MiKTeX\tex/latex/tools\verbatim.sty
Package: verbatim 2024-01-22 v1.5x LaTeX2e package for verbatim enhancements
\every@verbatim=\toks58
\verbatim@line=\toks59
\verbatim@in@stream=\read4
) (C:\Users\jl444\AppData\Local\Programs\MiKTeX\tex/latex/base\textcomp.sty
Package: textcomp 2024/04/24 v2.1b Standard LaTeX package
) (C:\Users\jl444\AppData\Local\Programs\MiKTeX\tex/latex/eurosym\eurosym.sty
Package: eurosym 1998/08/06 v1.1 European currency symbol ``Euro''
\@eurobox=\box131
) (C:\Users\jl444\AppData\Local\Programs\MiKTeX\tex/latex/footmisc\footmisc.sty
Package: footmisc 2023/07/05 v6.0f a miscellany of footnote facilities
\FN@temptoken=\toks60
\footnotemargin=\dimen312
\@outputbox@depth=\dimen313
Package footmisc Info: Declaring symbol style bringhurst on input line 696.
Package footmisc Info: Declaring symbol style chicago on input line 704.
Package footmisc Info: Declaring symbol style wiley on input line 713.
Package footmisc Info: Declaring symbol style lamport-robust on input line 724.
Package footmisc Info: Declaring symbol style lamport* on input line 744.
Package footmisc Info: Declaring symbol style lamport*-robust on input line 765.
) (C:\Users\jl444\AppData\Local\Programs\MiKTeX\tex/generic/pgf/frontendlayer/tikz/libraries\tikzlibraryshapes.code.tex
File: tikzlibraryshapes.code.tex 2023-01-15 v3.1.10 (3.1.10)
 (C:\Users\jl444\AppData\Local\Programs\MiKTeX\tex/generic/pgf/frontendlayer/tikz/libraries\tikzlibraryshapes.misc.code.tex
File: tikzlibraryshapes.misc.code.tex 2023-01-15 v3.1.10 (3.1.10)
 (C:\Users\jl444\AppData\Local\Programs\MiKTeX\tex/generic/pgf/libraries/shapes\pgflibraryshapes.misc.code.tex
File: pgflibraryshapes.misc.code.tex 2023-01-15 v3.1.10 (3.1.10)
)) (C:\Users\jl444\AppData\Local\Programs\MiKTeX\tex/generic/pgf/frontendlayer/tikz/libraries\tikzlibraryshapes.symbols.code.tex
File: tikzlibraryshapes.symbols.code.tex 2023-01-15 v3.1.10 (3.1.10)
 (C:\Users\jl444\AppData\Local\Programs\MiKTeX\tex/generic/pgf/libraries/shapes\pgflibraryshapes.symbols.code.tex
File: pgflibraryshapes.symbols.code.tex 2023-01-15 v3.1.10 (3.1.10)
)) (C:\Users\jl444\AppData\Local\Programs\MiKTeX\tex/generic/pgf/frontendlayer/tikz/libraries\tikzlibraryshapes.arrows.code.tex
File: tikzlibraryshapes.arrows.code.tex 2023-01-15 v3.1.10 (3.1.10)
 (C:\Users\jl444\AppData\Local\Programs\MiKTeX\tex/generic/pgf/libraries/shapes\pgflibraryshapes.arrows.code.tex
File: pgflibraryshapes.arrows.code.tex 2023-01-15 v3.1.10 (3.1.10)
)) (C:\Users\jl444\AppData\Local\Programs\MiKTeX\tex/generic/pgf/frontendlayer/tikz/libraries\tikzlibraryshapes.callouts.code.tex (C:\Users\jl444\AppData\Local\Programs\MiKTeX\tex/generic/pgf/libraries/shapes\pgflibraryshapes.callouts.code.tex)) (C:\Users\jl444\AppData\Local\Programs\MiKTeX\tex/generic/pgf/frontendlayer/tikz/libraries\tikzlibraryshapes.multipart.code.tex
File: tikzlibraryshapes.multipart.code.tex 2023-01-15 v3.1.10 (3.1.10)
 (C:\Users\jl444\AppData\Local\Programs\MiKTeX\tex/generic/pgf/libraries/shapes\pgflibraryshapes.multipart.code.tex
File: pgflibraryshapes.multipart.code.tex 2023-01-15 v3.1.10 (3.1.10)
\pgfnodepartlowerbox=\box132
\pgfnodeparttwobox=\box133
\pgfnodepartthreebox=\box134
\pgfnodepartfourbox=\box135
\pgfnodeparttwentybox=\box136
\pgfnodepartnineteenbox=\box137
\pgfnodeparteighteenbox=\box138
\pgfnodepartseventeenbox=\box139
\pgfnodepartsixteenbox=\box140
\pgfnodepartfifteenbox=\box141
\pgfnodepartfourteenbox=\box142
\pgfnodepartthirteenbox=\box143
\pgfnodeparttwelvebox=\box144
\pgfnodepartelevenbox=\box145
\pgfnodeparttenbox=\box146
\pgfnodepartninebox=\box147
\pgfnodeparteightbox=\box148
\pgfnodepartsevenbox=\box149
\pgfnodepartsixbox=\box150
\pgfnodepartfivebox=\box151
)))
LaTeX Font Info:    Trying to load font information for T1+ptm on input line 104.
 (C:\Users\jl444\AppData\Local\Programs\MiKTeX\tex/latex/psnfss\t1ptm.fd
File: t1ptm.fd 2001/06/04 font definitions for T1/ptm.
) (C:\Users\jl444\AppData\Local\Programs\MiKTeX\tex/latex/l3backend\l3backend-pdftex.def
File: l3backend-pdftex.def 2024-05-08 L3 backend support: PDF output (pdfTeX)
\l__color_backend_stack_int=\count385
\l__pdf_internal_box=\box152
) (c:\Users\jl444\OneDrive\Escritorio\TFG\build\main.aux
LaTeX Info: Redefining \. on input line 9.
LaTeX Info: Redefining \% on input line 9.
LaTeX Info: Redefining \. on input line 10.
LaTeX Info: Redefining \% on input line 10.


LaTeX Warning: Label `fig:enter-label' multiply defined.


LaTeX Warning: Label `fig:enter-label' multiply defined.


LaTeX Warning: Label `fig:enter-label' multiply defined.


LaTeX Warning: Label `fig:enter-label' multiply defined.

)
\openout1 = `main.aux'.

LaTeX Font Info:    Checking defaults for OML/cmm/m/it on input line 104.
LaTeX Font Info:    ... okay on input line 104.
LaTeX Font Info:    Checking defaults for OMS/cmsy/m/n on input line 104.
LaTeX Font Info:    ... okay on input line 104.
LaTeX Font Info:    Checking defaults for OT1/cmr/m/n on input line 104.
LaTeX Font Info:    ... okay on input line 104.
LaTeX Font Info:    Checking defaults for T1/cmr/m/n on input line 104.
LaTeX Font Info:    ... okay on input line 104.
LaTeX Font Info:    Checking defaults for TS1/cmr/m/n on input line 104.
LaTeX Font Info:    ... okay on input line 104.
LaTeX Font Info:    Checking defaults for OMX/cmex/m/n on input line 104.
LaTeX Font Info:    ... okay on input line 104.
LaTeX Font Info:    Checking defaults for U/cmr/m/n on input line 104.
LaTeX Font Info:    ... okay on input line 104.
LaTeX Font Info:    Checking defaults for PD1/pdf/m/n on input line 104.
LaTeX Font Info:    ... okay on input line 104.
LaTeX Font Info:    Checking defaults for PU/pdf/m/n on input line 104.
LaTeX Font Info:    ... okay on input line 104.
LaTeX Info: Redefining \. on input line 104.
LaTeX Info: Redefining \% on input line 104.
Package caption Info: Begin \AtBeginDocument code.
Package caption Info: hyperref package is loaded.
Package caption Info: listings package is loaded.
Package caption Info: longtable package is loaded.
 (C:\Users\jl444\AppData\Local\Programs\MiKTeX\tex/latex/caption\ltcaption.sty
Package: ltcaption 2021/01/08 v1.4c longtable captions (AR)
)
Package caption Info: End \AtBeginDocument code.
 (C:\Users\jl444\AppData\Local\Programs\MiKTeX\tex/context/base/mkii\supp-pdf.mkii
[Loading MPS to PDF converter (version 2006.09.02).]
\scratchcounter=\count386
\scratchdimen=\dimen314
\scratchbox=\box153
\nofMPsegments=\count387
\nofMParguments=\count388
\everyMPshowfont=\toks61
\MPscratchCnt=\count389
\MPscratchDim=\dimen315
\MPnumerator=\count390
\makeMPintoPDFobject=\count391
\everyMPtoPDFconversion=\toks62
) (C:\Users\jl444\AppData\Local\Programs\MiKTeX\tex/latex/epstopdf-pkg\epstopdf-base.sty
Package: epstopdf-base 2020-01-24 v2.11 Base part for package epstopdf
Package epstopdf-base Info: Redefining graphics rule for `.eps' on input line 485.
 (C:\Users\jl444\AppData\Local\Programs\MiKTeX\tex/latex/00miktex\epstopdf-sys.cfg
File: epstopdf-sys.cfg 2021/03/18 v2.0 Configuration of epstopdf for MiKTeX
)) (C:\Users\jl444\AppData\Local\Programs\MiKTeX\tex/latex/pdflscape\pdflscape.sty
Package: pdflscape 2022-10-27 v0.13 Display of landscape pages in PDF
 (C:\Users\jl444\AppData\Local\Programs\MiKTeX\tex/latex/pdflscape\pdflscape-nometadata.sty
Package: pdflscape-nometadata 2022-10-28 v0.13 Display of landscape pages in PDF (HO)
 (C:\Users\jl444\AppData\Local\Programs\MiKTeX\tex/latex/graphics\lscape.sty
Package: lscape 2020/05/28 v3.02 Landscape Pages (DPC)
)
Package pdflscape Info: Auto-detected driver: pdftex on input line 81.
))
Package hyperref Info: Link coloring ON on input line 104.
 (c:\Users\jl444\OneDrive\Escritorio\TFG\build\main.out) (c:\Users\jl444\OneDrive\Escritorio\TFG\build\main.out)
\@outlinefile=\write4
\openout4 = `main.out'.


*geometry* driver: auto-detecting
*geometry* detected driver: pdftex
*geometry* verbose mode - [ preamble ] result:
* driver: pdftex
* paper: a4paper
* layout: <same size as paper>
* layoutoffset:(h,v)=(0.0pt,0.0pt)
* modes: heightrounded 
* h-part:(L,W,R)=(71.13188pt, 455.24411pt, 71.13188pt)
* v-part:(T,H,B)=(85.35826pt, 645.87756pt, 113.81102pt)
* \paperwidth=597.50787pt
* \paperheight=845.04684pt
* \textwidth=455.24411pt
* \textheight=650.0pt
* \oddsidemargin=-1.1381pt
* \evensidemargin=-1.1381pt
* \topmargin=-18.78552pt
* \headheight=52.0pt
* \headsep=19.8738pt
* \topskip=12.0pt
* \footskip=30.0pt
* \marginparwidth=47.0pt
* \marginparsep=7.0pt
* \columnsep=10.0pt
* \skip\footins=10.8pt plus 4.0pt minus 2.0pt
* \hoffset=0.0pt
* \voffset=0.0pt
* \mag=1000
* \@twocolumnfalse
* \@twosidefalse
* \@mparswitchfalse
* \@reversemarginfalse
* (1in=72.27pt=25.4mm, 1cm=28.453pt)

\c@lstlisting=\count392


pdfTeX warning: pdflatex (file ./Figuras/logos/TFG_template.pdf): PDF inclusion: found PDF version <1.6>, but at most version <1.5> allowed
<Figuras/logos/TFG_template.pdf, id=142, 731.8341pt x 1035.25772pt>
File: Figuras/logos/TFG_template.pdf Graphic file (type pdf)
<use Figuras/logos/TFG_template.pdf>
Package pdftex.def Info: Figuras/logos/TFG_template.pdf  used on input line 108.
(pdftex.def)             Requested size: 597.37198pt x 845.04663pt.
LaTeX Font Info:    Trying to load font information for U+msa on input line 108.
(C:\Users\jl444\AppData\Local\Programs\MiKTeX\tex/latex/amsfonts\umsa.fd
File: umsa.fd 2013/01/14 v3.01 AMS symbols A
)
LaTeX Font Info:    Trying to load font information for U+msb on input line 108.
 (C:\Users\jl444\AppData\Local\Programs\MiKTeX\tex/latex/amsfonts\umsb.fd
File: umsb.fd 2013/01/14 v3.01 AMS symbols B
)
Overfull \hbox (95.60344pt too wide) in paragraph at lines 108--108
 [][]$[]$ 
 []



[1
Non-PDF special ignored!
<special> papersize=597.50787pt,845.04684pt


{C:/Users/jl444/AppData/Local/MiKTeX/fonts/map/pdftex/pdftex.map}{C:/Users/jl444/AppData/Local/Programs/MiKTeX/fonts/enc/dvips/base/8r.enc} <./Figuras/logos/TFG_template.pdf>]
LaTeX Font Info:    Trying to load font information for T1+phv on input line 111.
 (C:\Users\jl444\AppData\Local\Programs\MiKTeX\tex/latex/psnfss\t1phv.fd
File: t1phv.fd 2020/03/25 scalable font definitions for T1/phv.
)
LaTeX Font Info:    Font shape `T1/phv/m/n' will be
(Font)              scaled to size 11.39996pt on input line 111.
LaTeX Font Info:    Font shape `T1/phv/m/n' will be
(Font)              scaled to size 23.63593pt on input line 111.
LaTeX Font Info:    Font shape `T1/phv/b/n' will be
(Font)              scaled to size 23.63593pt on input line 111.
LaTeX Font Info:    Font shape `T1/phv/b/sc' will be
(Font)              scaled to size 23.63593pt on input line 111.
 (dedicatoria.tex)

[2


] (indicesyrefe.tex (c:\Users\jl444\OneDrive\Escritorio\TFG\build\main.toc
LaTeX Info: Redefining \. on input line 1.
LaTeX Info: Redefining \% on input line 1.
LaTeX Info: Redefining \. on input line 2.
LaTeX Info: Redefining \% on input line 2.


LaTeX Info: Redefining \. on input line 28.
LaTeX Info: Redefining \% on input line 28.
[3


])
\tf@toc=\write5
\openout5 = `main.toc'.



LaTeX Info: Redefining \. on input line 15.
LaTeX Info: Redefining \% on input line 15.
<Figuras/logos/logo_peque_R.png, id=200, 335.45325pt x 128.3997pt>
File: Figuras/logos/logo_peque_R.png Graphic file (type png)
<use Figuras/logos/logo_peque_R.png>
Package pdftex.def Info: Figuras/logos/logo_peque_R.png  used on input line 15.
(pdftex.def)             Requested size: 91.04742pt x 34.84862pt.
LaTeX Info: Redefining \. on input line 15.
LaTeX Info: Redefining \% on input line 15.
[4 <./Figuras/logos/logo_peque_R.png>] (c:\Users\jl444\OneDrive\Escritorio\TFG\build\main.lof
LaTeX Info: Redefining \. on input line 1.
LaTeX Info: Redefining \% on input line 1.
LaTeX Info: Redefining \. on input line 2.
LaTeX Info: Redefining \% on input line 2.
)
\tf@lof=\write6
\openout6 = `main.lof'.



LaTeX Info: Redefining \. on input line 16.
LaTeX Info: Redefining \% on input line 16.
[5

] (c:\Users\jl444\OneDrive\Escritorio\TFG\build\main.lot
LaTeX Info: Redefining \. on input line 1.
LaTeX Info: Redefining \% on input line 1.
LaTeX Info: Redefining \. on input line 2.
LaTeX Info: Redefining \% on input line 2.
)
\tf@lot=\write7
\openout7 = `main.lot'.



LaTeX Info: Redefining \. on input line 17.
LaTeX Info: Redefining \% on input line 17.
[6

] (c:\Users\jl444\OneDrive\Escritorio\TFG\build\main.lol)
\tf@lol=\write8
\openout8 = `main.lol'.



LaTeX Info: Redefining \. on input line 27.
LaTeX Info: Redefining \% on input line 27.
[7

]
LaTeX Font Info:    Font shape `T1/phv/b/n' will be
(Font)              scaled to size 11.39996pt on input line 29.
LaTeX Font Info:    Font shape `T1/phv/b/sc' will be
(Font)              scaled to size 11.39996pt on input line 29.
)

[8

] (resumentexto.tex)

LaTeX Info: Redefining \. on input line 127.
LaTeX Info: Redefining \% on input line 127.
[9

] (contenido.tex
 1.


LaTeX Info: Redefining \. on input line 12.
LaTeX Info: Redefining \% on input line 12.
<Figuras/logos/escudoazul.png, id=254, 263.5446pt x 263.5446pt>
File: Figuras/logos/escudoazul.png Graphic file (type png)
<use Figuras/logos/escudoazul.png>
Package pdftex.def Info: Figuras/logos/escudoazul.png  used on input line 12.
(pdftex.def)             Requested size: 512.23297pt x 512.23297pt.
[1


 <./Figuras/logos/escudoazul.png>]
 2.


LaTeX Info: Redefining \. on input line 24.
LaTeX Info: Redefining \% on input line 24.
File: Figuras/logos/escudoazul.png Graphic file (type png)
<use Figuras/logos/escudoazul.png>
Package pdftex.def Info: Figuras/logos/escudoazul.png  used on input line 24.
(pdftex.def)             Requested size: 512.23297pt x 512.23297pt.
[2

]
 3.
<Figuras/image.png, id=264, 770.88pt x 546.04pt>
File: Figuras/image.png Graphic file (type png)
<use Figuras/image.png>
Package pdftex.def Info: Figuras/image.png  used on input line 34.
(pdftex.def)             Requested size: 455.24411pt x 322.46075pt.


LaTeX Info: Redefining \. on input line 38.
LaTeX Info: Redefining \% on input line 38.
File: Figuras/logos/escudoazul.png Graphic file (type png)
<use Figuras/logos/escudoazul.png>
Package pdftex.def Info: Figuras/logos/escudoazul.png  used on input line 38.
(pdftex.def)             Requested size: 512.23297pt x 512.23297pt.
[3

 <./Figuras/image.png (PNG copy)>]

LaTeX Info: Redefining \. on input line 59.
LaTeX Info: Redefining \% on input line 59.
File: Figuras/logos/logo_peque_R.png Graphic file (type png)
<use Figuras/logos/logo_peque_R.png>
Package pdftex.def Info: Figuras/logos/logo_peque_R.png  used on input line 59.
(pdftex.def)             Requested size: 91.04742pt x 34.84862pt.
LaTeX Info: Redefining \. on input line 59.
LaTeX Info: Redefining \% on input line 59.
File: Figuras/logos/escudoazul.png Graphic file (type png)
<use Figuras/logos/escudoazul.png>
Package pdftex.def Info: Figuras/logos/escudoazul.png  used on input line 59.
(pdftex.def)             Requested size: 512.23297pt x 512.23297pt.
[4]
 4.


LaTeX Info: Redefining \. on input line 71.
LaTeX Info: Redefining \% on input line 71.
File: Figuras/logos/escudoazul.png Graphic file (type png)
<use Figuras/logos/escudoazul.png>
Package pdftex.def Info: Figuras/logos/escudoazul.png  used on input line 71.
(pdftex.def)             Requested size: 512.23297pt x 512.23297pt.
[5

]
<Figuras/entrevistaC.png, id=278, 434.37282pt x 481.04718pt>
File: Figuras/entrevistaC.png Graphic file (type png)
<use Figuras/entrevistaC.png>
Package pdftex.def Info: Figuras/entrevistaC.png  used on input line 81.
(pdftex.def)             Requested size: 227.62206pt x 252.08377pt.
<Figuras/entrevistaE.png, id=279, 451.6875pt x 515.67656pt>
File: Figuras/entrevistaE.png Graphic file (type png)
<use Figuras/entrevistaE.png>
Package pdftex.def Info: Figuras/entrevistaE.png  used on input line 84.
(pdftex.def)             Requested size: 227.62206pt x 259.8756pt.

Overfull \hbox (12.0pt too wide) in paragraph at lines 81--85
 [][][] 
 []



LaTeX Info: Redefining \. on input line 95.
LaTeX Info: Redefining \% on input line 95.
File: Figuras/logos/logo_peque_R.png Graphic file (type png)
<use Figuras/logos/logo_peque_R.png>
Package pdftex.def Info: Figuras/logos/logo_peque_R.png  used on input line 95.
(pdftex.def)             Requested size: 91.04742pt x 34.84862pt.
LaTeX Info: Redefining \. on input line 95.
LaTeX Info: Redefining \% on input line 95.
File: Figuras/logos/escudoazul.png Graphic file (type png)
<use Figuras/logos/escudoazul.png>
Package pdftex.def Info: Figuras/logos/escudoazul.png  used on input line 95.
(pdftex.def)             Requested size: 512.23297pt x 512.23297pt.
[6 <./Figuras/entrevistaC.png> <./Figuras/entrevistaE.png>]
<Figuras/encuestaA.png, id=287, 464.4853pt x 740.7675pt>
File: Figuras/encuestaA.png Graphic file (type png)
<use Figuras/encuestaA.png>
Package pdftex.def Info: Figuras/encuestaA.png  used on input line 107.
(pdftex.def)             Requested size: 204.85846pt x 326.71863pt.


LaTeX Info: Redefining \. on input line 112.
LaTeX Info: Redefining \% on input line 112.
File: Figuras/logos/logo_peque_R.png Graphic file (type png)
<use Figuras/logos/logo_peque_R.png>
Package pdftex.def Info: Figuras/logos/logo_peque_R.png  used on input line 112.
(pdftex.def)             Requested size: 91.04742pt x 34.84862pt.
LaTeX Info: Redefining \. on input line 112.
LaTeX Info: Redefining \% on input line 112.
File: Figuras/logos/escudoazul.png Graphic file (type png)
<use Figuras/logos/escudoazul.png>
Package pdftex.def Info: Figuras/logos/escudoazul.png  used on input line 112.
(pdftex.def)             Requested size: 512.23297pt x 512.23297pt.
[7 <./Figuras/encuestaA.png>]
<Figuras/graficaSino.png, id=295, 325.215pt x 207.02344pt>
File: Figuras/graficaSino.png Graphic file (type png)
<use Figuras/graficaSino.png>
Package pdftex.def Info: Figuras/graficaSino.png  used on input line 119.
(pdftex.def)             Requested size: 227.62206pt x 144.90277pt.
<Figuras/graficaSinoE.png, id=296, 326.72063pt x 203.25937pt>
File: Figuras/graficaSinoE.png Graphic file (type png)
<use Figuras/graficaSinoE.png>
Package pdftex.def Info: Figuras/graficaSinoE.png  used on input line 122.
(pdftex.def)             Requested size: 227.62206pt x 141.60756pt.

Overfull \hbox (12.0pt too wide) in paragraph at lines 119--123
 [][][] 
 []

<Figuras/graficaRamasC.png, id=297, 328.22626pt x 203.25937pt>
File: Figuras/graficaRamasC.png Graphic file (type png)
<use Figuras/graficaRamasC.png>
Package pdftex.def Info: Figuras/graficaRamasC.png  used on input line 133.
(pdftex.def)             Requested size: 227.62206pt x 140.95935pt.
<Figuras/graficaRamasE.png, id=298, 330.48468pt x 200.24812pt>
File: Figuras/graficaRamasE.png Graphic file (type png)
<use Figuras/graficaRamasE.png>
Package pdftex.def Info: Figuras/graficaRamasE.png  used on input line 136.
(pdftex.def)             Requested size: 227.62206pt x 137.92691pt.

Overfull \hbox (12.0pt too wide) in paragraph at lines 133--137
 [][][] 
 []

LaTeX Font Info:    Trying to load font information for TS1+ptm on input line 148.
(C:\Users\jl444\AppData\Local\Programs\MiKTeX\tex/latex/psnfss\ts1ptm.fd
File: ts1ptm.fd 2001/06/04 font definitions for TS1/ptm.
)

LaTeX Info: Redefining \. on input line 155.
LaTeX Info: Redefining \% on input line 155.
File: Figuras/logos/logo_peque_R.png Graphic file (type png)
<use Figuras/logos/logo_peque_R.png>
Package pdftex.def Info: Figuras/logos/logo_peque_R.png  used on input line 155.
(pdftex.def)             Requested size: 91.04742pt x 34.84862pt.
LaTeX Info: Redefining \. on input line 155.
LaTeX Info: Redefining \% on input line 155.
File: Figuras/logos/escudoazul.png Graphic file (type png)
<use Figuras/logos/escudoazul.png>
Package pdftex.def Info: Figuras/logos/escudoazul.png  used on input line 155.
(pdftex.def)             Requested size: 512.23297pt x 512.23297pt.
[8 <./Figuras/graficaSino.png> <./Figuras/graficaSinoE.png> <./Figuras/graficaRamasC.png> <./Figuras/graficaRamasE.png>]

LaTeX Info: Redefining \. on input line 169.
LaTeX Info: Redefining \% on input line 169.
File: Figuras/logos/logo_peque_R.png Graphic file (type png)
<use Figuras/logos/logo_peque_R.png>
Package pdftex.def Info: Figuras/logos/logo_peque_R.png  used on input line 169.
(pdftex.def)             Requested size: 91.04742pt x 34.84862pt.
LaTeX Info: Redefining \. on input line 169.
LaTeX Info: Redefining \% on input line 169.
File: Figuras/logos/escudoazul.png Graphic file (type png)
<use Figuras/logos/escudoazul.png>
Package pdftex.def Info: Figuras/logos/escudoazul.png  used on input line 169.
(pdftex.def)             Requested size: 512.23297pt x 512.23297pt.
[9]

LaTeX Info: Redefining \. on input line 182.
LaTeX Info: Redefining \% on input line 182.
File: Figuras/logos/logo_peque_R.png Graphic file (type png)
<use Figuras/logos/logo_peque_R.png>
Package pdftex.def Info: Figuras/logos/logo_peque_R.png  used on input line 182.
(pdftex.def)             Requested size: 91.04742pt x 34.84862pt.
LaTeX Info: Redefining \. on input line 182.
LaTeX Info: Redefining \% on input line 182.
File: Figuras/logos/escudoazul.png Graphic file (type png)
<use Figuras/logos/escudoazul.png>
Package pdftex.def Info: Figuras/logos/escudoazul.png  used on input line 182.
(pdftex.def)             Requested size: 512.23297pt x 512.23297pt.
[10]
 5.


LaTeX Info: Redefining \. on input line 208.
LaTeX Info: Redefining \% on input line 208.
File: Figuras/logos/escudoazul.png Graphic file (type png)
<use Figuras/logos/escudoazul.png>
Package pdftex.def Info: Figuras/logos/escudoazul.png  used on input line 208.
(pdftex.def)             Requested size: 512.23297pt x 512.23297pt.
[11

]

LaTeX Info: Redefining \. on input line 236.
LaTeX Info: Redefining \% on input line 236.
File: Figuras/logos/logo_peque_R.png Graphic file (type png)
<use Figuras/logos/logo_peque_R.png>
Package pdftex.def Info: Figuras/logos/logo_peque_R.png  used on input line 236.
(pdftex.def)             Requested size: 91.04742pt x 34.84862pt.
LaTeX Info: Redefining \. on input line 236.
LaTeX Info: Redefining \% on input line 236.
File: Figuras/logos/escudoazul.png Graphic file (type png)
<use Figuras/logos/escudoazul.png>
Package pdftex.def Info: Figuras/logos/escudoazul.png  used on input line 236.
(pdftex.def)             Requested size: 512.23297pt x 512.23297pt.
[12]
Overfull \hbox (9.98329pt too wide) in paragraph at lines 253--253
 [][]\T1/ptm/m/n/12 Documentación 
 []



LaTeX Info: Redefining \. on input line 270.
LaTeX Info: Redefining \% on input line 270.
File: Figuras/logos/logo_peque_R.png Graphic file (type png)
<use Figuras/logos/logo_peque_R.png>
Package pdftex.def Info: Figuras/logos/logo_peque_R.png  used on input line 270.
(pdftex.def)             Requested size: 91.04742pt x 34.84862pt.
LaTeX Info: Redefining \. on input line 270.
LaTeX Info: Redefining \% on input line 270.
File: Figuras/logos/escudoazul.png Graphic file (type png)
<use Figuras/logos/escudoazul.png>
Package pdftex.def Info: Figuras/logos/escudoazul.png  used on input line 270.
(pdftex.def)             Requested size: 512.23297pt x 512.23297pt.
[13]
Underfull \hbox (badness 10000) in paragraph at lines 279--279
[]|\T1/ptm/m/n/12 Trabajo
 []


Underfull \hbox (badness 10000) in paragraph at lines 281--281
[]|\T1/ptm/m/n/12 Trabajo
 []


Underfull \hbox (badness 3068) in paragraph at lines 282--282
\T1/ptm/m/n/12 glish Lan-gua-ge in Mu-sic and Ba-llet
 []


Overfull \hbox (21.54716pt too wide) in paragraph at lines 276--286
 [] 
 []



LaTeX Info: Redefining \. on input line 299.
LaTeX Info: Redefining \% on input line 299.
File: Figuras/logos/logo_peque_R.png Graphic file (type png)
<use Figuras/logos/logo_peque_R.png>
Package pdftex.def Info: Figuras/logos/logo_peque_R.png  used on input line 299.
(pdftex.def)             Requested size: 91.04742pt x 34.84862pt.
LaTeX Info: Redefining \. on input line 299.
LaTeX Info: Redefining \% on input line 299.
File: Figuras/logos/escudoazul.png Graphic file (type png)
<use Figuras/logos/escudoazul.png>
Package pdftex.def Info: Figuras/logos/escudoazul.png  used on input line 299.
(pdftex.def)             Requested size: 512.23297pt x 512.23297pt.
[14]

LaTeX Info: Redefining \. on input line 315.
LaTeX Info: Redefining \% on input line 315.
File: Figuras/logos/logo_peque_R.png Graphic file (type png)
<use Figuras/logos/logo_peque_R.png>
Package pdftex.def Info: Figuras/logos/logo_peque_R.png  used on input line 315.
(pdftex.def)             Requested size: 91.04742pt x 34.84862pt.
LaTeX Info: Redefining \. on input line 315.
LaTeX Info: Redefining \% on input line 315.
File: Figuras/logos/escudoazul.png Graphic file (type png)
<use Figuras/logos/escudoazul.png>
Package pdftex.def Info: Figuras/logos/escudoazul.png  used on input line 315.
(pdftex.def)             Requested size: 512.23297pt x 512.23297pt.
[15]

LaTeX Info: Redefining \. on input line 327.
LaTeX Info: Redefining \% on input line 327.
File: Figuras/logos/logo_peque_R.png Graphic file (type png)
<use Figuras/logos/logo_peque_R.png>
Package pdftex.def Info: Figuras/logos/logo_peque_R.png  used on input line 327.
(pdftex.def)             Requested size: 91.04742pt x 34.84862pt.
LaTeX Info: Redefining \. on input line 327.
LaTeX Info: Redefining \% on input line 327.
File: Figuras/logos/escudoazul.png Graphic file (type png)
<use Figuras/logos/escudoazul.png>
Package pdftex.def Info: Figuras/logos/escudoazul.png  used on input line 327.
(pdftex.def)             Requested size: 512.23297pt x 512.23297pt.
[16]
 6.


LaTeX Info: Redefining \. on input line 342.
LaTeX Info: Redefining \% on input line 342.
File: Figuras/logos/escudoazul.png Graphic file (type png)
<use Figuras/logos/escudoazul.png>
Package pdftex.def Info: Figuras/logos/escudoazul.png  used on input line 342.
(pdftex.def)             Requested size: 512.23297pt x 512.23297pt.
[17

]

LaTeX Info: Redefining \. on input line 362.
LaTeX Info: Redefining \% on input line 362.
File: Figuras/logos/logo_peque_R.png Graphic file (type png)
<use Figuras/logos/logo_peque_R.png>
Package pdftex.def Info: Figuras/logos/logo_peque_R.png  used on input line 362.
(pdftex.def)             Requested size: 91.04742pt x 34.84862pt.
LaTeX Info: Redefining \. on input line 362.
LaTeX Info: Redefining \% on input line 362.
File: Figuras/logos/escudoazul.png Graphic file (type png)
<use Figuras/logos/escudoazul.png>
Package pdftex.def Info: Figuras/logos/escudoazul.png  used on input line 362.
(pdftex.def)             Requested size: 512.23297pt x 512.23297pt.
[18]
<Figuras/DCU.png, id=372, 696.6025pt x 497.86pt>
File: Figuras/DCU.png Graphic file (type png)
<use Figuras/DCU.png>
Package pdftex.def Info: Figuras/DCU.png  used on input line 366.
(pdftex.def)             Requested size: 455.24411pt x 325.36pt.

Underfull \hbox (badness 7759) in paragraph at lines 377--377
[]|\T1/ptm/b/n/12 Requisitos fun-
 []


Overfull \hbox (53.65271pt too wide) in paragraph at lines 373--379
 [] 
 []



LaTeX Info: Redefining \. on input line 382.
LaTeX Info: Redefining \% on input line 382.
File: Figuras/logos/logo_peque_R.png Graphic file (type png)
<use Figuras/logos/logo_peque_R.png>
Package pdftex.def Info: Figuras/logos/logo_peque_R.png  used on input line 382.
(pdftex.def)             Requested size: 91.04742pt x 34.84862pt.
LaTeX Info: Redefining \. on input line 382.
LaTeX Info: Redefining \% on input line 382.
File: Figuras/logos/escudoazul.png Graphic file (type png)
<use Figuras/logos/escudoazul.png>
Package pdftex.def Info: Figuras/logos/escudoazul.png  used on input line 382.
(pdftex.def)             Requested size: 512.23297pt x 512.23297pt.
[19 <./Figuras/DCU.png>]

LaTeX Info: Redefining \. on input line 407.
LaTeX Info: Redefining \% on input line 407.
File: Figuras/logos/logo_peque_R.png Graphic file (type png)
<use Figuras/logos/logo_peque_R.png>
Package pdftex.def Info: Figuras/logos/logo_peque_R.png  used on input line 407.
(pdftex.def)             Requested size: 91.04742pt x 34.84862pt.
LaTeX Info: Redefining \. on input line 407.
LaTeX Info: Redefining \% on input line 407.
File: Figuras/logos/escudoazul.png Graphic file (type png)
<use Figuras/logos/escudoazul.png>
Package pdftex.def Info: Figuras/logos/escudoazul.png  used on input line 407.
(pdftex.def)             Requested size: 512.23297pt x 512.23297pt.
[20]
 7.


LaTeX Info: Redefining \. on input line 412.
LaTeX Info: Redefining \% on input line 412.
File: Figuras/logos/escudoazul.png Graphic file (type png)
<use Figuras/logos/escudoazul.png>
Package pdftex.def Info: Figuras/logos/escudoazul.png  used on input line 412.
(pdftex.def)             Requested size: 512.23297pt x 512.23297pt.
[21

]
 8.
)

Package hyperref Warning: The anchor of a bookmark and its parent's must not
(hyperref)                be the same. Added a new anchor on input line 134.

(c:\Users\jl444\OneDrive\Escritorio\TFG\build\main.bbl

LaTeX Info: Redefining \. on input line 2.
LaTeX Info: Redefining \% on input line 2.
File: Figuras/logos/escudoazul.png Graphic file (type png)
<use Figuras/logos/escudoazul.png>
Package pdftex.def Info: Figuras/logos/escudoazul.png  used on input line 2.
(pdftex.def)             Requested size: 512.23297pt x 512.23297pt.
[22

]) (apendices.tex

LaTeX Info: Redefining \. on input line 5.
LaTeX Info: Redefining \% on input line 5.
File: Figuras/logos/escudoazul.png Graphic file (type png)
<use Figuras/logos/escudoazul.png>
Package pdftex.def Info: Figuras/logos/escudoazul.png  used on input line 5.
(pdftex.def)             Requested size: 512.23297pt x 512.23297pt.
[23

]
Ap\'{e}ndice A.


LaTeX Info: Redefining \. on input line 41.
LaTeX Info: Redefining \% on input line 41.
File: Figuras/logos/escudoazul.png Graphic file (type png)
<use Figuras/logos/escudoazul.png>
Package pdftex.def Info: Figuras/logos/escudoazul.png  used on input line 41.
(pdftex.def)             Requested size: 512.23297pt x 512.23297pt.
[24

]

LaTeX Info: Redefining \. on input line 41.
LaTeX Info: Redefining \% on input line 41.
File: Figuras/logos/logo_peque_R.png Graphic file (type png)
<use Figuras/logos/logo_peque_R.png>
Package pdftex.def Info: Figuras/logos/logo_peque_R.png  used on input line 41.
(pdftex.def)             Requested size: 91.04742pt x 34.84862pt.
File: Figuras/logos/escudoazul.png Graphic file (type png)
<use Figuras/logos/escudoazul.png>
Package pdftex.def Info: Figuras/logos/escudoazul.png  used on input line 41.
(pdftex.def)             Requested size: 512.23297pt x 512.23297pt.
[25]
Ap\'{e}ndice B.


LaTeX Info: Redefining \. on input line 81.
LaTeX Info: Redefining \% on input line 81.
File: Figuras/logos/escudoazul.png Graphic file (type png)
<use Figuras/logos/escudoazul.png>
Package pdftex.def Info: Figuras/logos/escudoazul.png  used on input line 81.
(pdftex.def)             Requested size: 512.23297pt x 512.23297pt.
[26

]

LaTeX Info: Redefining \. on input line 81.
LaTeX Info: Redefining \% on input line 81.
File: Figuras/logos/logo_peque_R.png Graphic file (type png)
<use Figuras/logos/logo_peque_R.png>
Package pdftex.def Info: Figuras/logos/logo_peque_R.png  used on input line 81.
(pdftex.def)             Requested size: 91.04742pt x 34.84862pt.
File: Figuras/logos/escudoazul.png Graphic file (type png)
<use Figuras/logos/escudoazul.png>
Package pdftex.def Info: Figuras/logos/escudoazul.png  used on input line 81.
(pdftex.def)             Requested size: 512.23297pt x 512.23297pt.
[27])

LaTeX Info: Redefining \. on input line 143.
LaTeX Info: Redefining \% on input line 143.
File: Figuras/logos/escudoazul.png Graphic file (type png)
<use Figuras/logos/escudoazul.png>
Package pdftex.def Info: Figuras/logos/escudoazul.png  used on input line 143.
(pdftex.def)             Requested size: 512.23297pt x 512.23297pt.
[28

] (contra.tex

pdfTeX warning: pdflatex (file ./Figuras/logos/TFG_back.pdf): PDF inclusion: found PDF version <1.6>, but at most version <1.5> allowed
<Figuras/logos/TFG_back.pdf, id=421, 597.06062pt x 844.77608pt>
File: Figuras/logos/TFG_back.pdf Graphic file (type pdf)
<use Figuras/logos/TFG_back.pdf>
Package pdftex.def Info: Figuras/logos/TFG_back.pdf  used on input line 11.
(pdftex.def)             Requested size: 597.2687pt x 845.07048pt.
(resumentexto.tex)
Overfull \hbox (89.62253pt too wide) in paragraph at lines 14--16
[][]$[]$  
 []


Overfull \hbox (100.57681pt too wide) in paragraph at lines 4--21
[]$[]$ 
 []

)

File: Figuras/logos/escudoazul.png Graphic file (type png)
<use Figuras/logos/escudoazul.png>
Package pdftex.def Info: Figuras/logos/escudoazul.png  used on input line 147.
(pdftex.def)             Requested size: 512.23297pt x 512.23297pt.
[29


 <./Figuras/logos/TFG_back.pdf>] (c:\Users\jl444\OneDrive\Escritorio\TFG\build\main.aux
LaTeX Info: Redefining \. on input line 9.
LaTeX Info: Redefining \% on input line 9.
LaTeX Info: Redefining \. on input line 10.
LaTeX Info: Redefining \% on input line 10.
)
 ***********
LaTeX2e <2024-06-01> patch level 2
L3 programming layer <2024-08-30>
 ***********


LaTeX Warning: There were multiply-defined labels.

Package rerunfilecheck Info: File `main.out' has not changed.
(rerunfilecheck)             Checksum: 96AB70616C4642AA12C8562B2C9340F9;8240.
 ) 
Here is how much of TeX's memory you used:
 31897 strings out of 473898
 616148 string characters out of 5726479
 1132623 words of memory out of 5000000
 54020 multiletter control sequences out of 15000+600000
 622594 words of font info for 96 fonts, out of 8000000 for 9000
 1141 hyphenation exceptions out of 8191
 103i,16n,106p,938b,923s stack positions out of 10000i,1000n,20000p,200000b,200000s
<C:/Users/jl444/AppData/Local/Programs/MiKTeX/fonts/type1/urw/helvetic/uhvb8a.pfb><C:/Users/jl444/AppData/Local/Programs/MiKTeX/fonts/type1/urw/times/utmb8a.pfb><C:/Users/jl444/AppData/Local/Programs/MiKTeX/fonts/type1/urw/times/utmr8a.pfb><C:/Users/jl444/AppData/Local/Programs/MiKTeX/fonts/type1/urw/times/utmri8a.pfb>
Output written on c:\Users\jl444\OneDrive\Escritorio\TFG\build\main.pdf (38 pages, 1241419 bytes).
PDF statistics:
 477 PDF objects out of 1000 (max. 8388607)
 119 named destinations out of 1000 (max. 500000)
 350 words of extra memory for PDF output out of 10000 (max. 10000000)

