\BOOKMARK [0][-]{chapter.1}{\376\377\000I\000n\000t\000r\000o\000d\000u\000c\000c\000i\000\363\000n}{}% 1
\BOOKMARK [0][-]{chapter.2}{\376\377\000O\000b\000j\000e\000t\000i\000v\000o\000s}{}% 2
\BOOKMARK [0][-]{chapter.3}{\376\377\000M\000a\000r\000c\000o\000\040\000t\000e\000\363\000r\000i\000c\000o}{}% 3
\BOOKMARK [1][-]{section.3.1}{\376\377\000C\000o\000n\000t\000e\000x\000t\000o}{chapter.3}% 4
\BOOKMARK [1][-]{section.3.2}{\376\377\000R\000e\000l\000a\000c\000i\000\363\000n\000\040\000e\000n\000t\000r\000e\000\040\000l\000a\000\040\000i\000n\000f\000o\000r\000m\000\341\000t\000i\000c\000a\000\040\000y\000\040\000e\000l\000\040\000l\000e\000n\000g\000u\000a\000j\000e\000\040\000m\000u\000s\000i\000c\000a\000l}{chapter.3}% 5
\BOOKMARK [0][-]{chapter.4}{\376\377\000I\000n\000v\000e\000s\000t\000i\000g\000a\000c\000i\000\363\000n}{}% 6
\BOOKMARK [1][-]{section.4.1}{\376\377\000I\000n\000t\000r\000o\000d\000u\000c\000c\000i\000\363\000n}{chapter.4}% 7
\BOOKMARK [1][-]{section.4.2}{\376\377\000A\000n\000\341\000l\000i\000s\000i\000s\000\040\000y\000\040\000c\000o\000m\000p\000a\000r\000a\000c\000i\000\363\000n\000\040\000d\000e\000\040\000l\000a\000s\000\040\000r\000e\000s\000p\000u\000e\000s\000t\000a\000s\000\040\000d\000e\000\040\000l\000o\000s\000\040\000p\000r\000o\000f\000e\000s\000o\000r\000e\000s}{chapter.4}% 8
\BOOKMARK [1][-]{section.4.3}{\376\377\000A\000n\000\341\000l\000i\000s\000i\000s\000\040\000y\000\040\000c\000o\000m\000p\000a\000r\000a\000c\000i\000\363\000n\000\040\000d\000e\000\040\000l\000a\000s\000\040\000r\000e\000s\000p\000u\000e\000s\000t\000a\000s\000\040\000d\000e\000\040\000l\000o\000s\000\040\000a\000l\000u\000m\000n\000o\000s}{chapter.4}% 9
\BOOKMARK [1][-]{section.4.4}{\376\377\000H\000e\000r\000r\000a\000m\000i\000e\000n\000t\000a\000s\000\040\000a\000c\000t\000u\000a\000l\000e\000s}{chapter.4}% 10
\BOOKMARK [1][-]{section.4.5}{\376\377\000N\000e\000c\000e\000s\000i\000d\000a\000d\000e\000s\000\040\000d\000e\000t\000e\000c\000t\000a\000d\000a\000s}{chapter.4}% 11
\BOOKMARK [0][-]{chapter.5}{\376\377\000E\000s\000t\000u\000d\000i\000o\000\040\000b\000i\000b\000l\000i\000o\000g\000r\000\341\000f\000i\000c\000o}{}% 12
\BOOKMARK [1][-]{section.5.1}{\376\377\000I\000n\000t\000r\000o\000d\000u\000c\000c\000i\000\363\000n}{chapter.5}% 13
\BOOKMARK [1][-]{section.5.2}{\376\377\000M\000a\000p\000p\000i\000n\000g\000\040\000L\000i\000t\000e\000r\000a\000t\000u\000r\000e\000\040\000R\000e\000v\000i\000e\000w}{chapter.5}% 14
\BOOKMARK [2][-]{subsection.5.2.1}{\376\377\000D\000e\000f\000i\000n\000i\000c\000i\000\363\000n\000\040\000l\000a\000\040\000c\000a\000d\000e\000n\000a\000\040\000d\000e\000\040\000b\000\372\000s\000q\000u\000e\000d\000a\000\040\000y\000\040\000c\000r\000i\000t\000e\000r\000i\000o\000s}{section.5.2}% 15
\BOOKMARK [2][-]{subsection.5.2.2}{\376\377\000S\000e\000l\000e\000c\000c\000i\000\363\000n\000\040\000d\000e\000\040\000d\000o\000c\000u\000m\000e\000n\000t\000a\000c\000i\000\363\000n\000\040\000r\000e\000l\000e\000v\000a\000n\000t\000e}{section.5.2}% 16
\BOOKMARK [2][-]{subsection.5.2.3}{\376\377\000R\000e\000s\000u\000l\000t\000a\000d\000o\000s\000\040\000o\000b\000t\000e\000n\000i\000d\000o\000s}{section.5.2}% 17
\BOOKMARK [3][-]{subsubsection.5.2.3.1}{\376\377\000E\000l\000\040\000l\000e\000n\000g\000u\000a\000j\000e\000\040\000m\000u\000s\000i\000c\000a\000l\000\040\000a\000\040\000t\000r\000a\000v\000\351\000s\000\040\000d\000e\000\040\000l\000a\000s\000\040\000T\000I\000C\000\040\000e\000n\000\040\000e\000d\000u\000c\000a\000c\000i\000\363\000n\000\040\000p\000r\000i\000m\000a\000r\000i\000a}{subsection.5.2.3}% 18
\BOOKMARK [3][-]{subsubsection.5.2.3.2}{\376\377\000M\000u\000s\000i\000c\000\040\000C\000o\000m\000p\000u\000t\000e\000r\000\040\000T\000e\000c\000h\000n\000o\000l\000o\000g\000i\000e\000s\000\040\000a\000n\000d\000\040\000I\000n\000t\000e\000r\000a\000c\000t\000i\000v\000e\000\040\000S\000y\000s\000t\000e\000m\000s\000\040\000o\000f\000\040\000E\000d\000u\000c\000a\000t\000i\000o\000n\000\040\000i\000n\000\040\000D\000i\000g\000i\000t\000a\000l\000\040\000A\000g\000e\000\040\000S\000c\000h\000o\000o\000l}{subsection.5.2.3}% 19
\BOOKMARK [3][-]{subsubsection.5.2.3.3}{\376\377\000A\000p\000l\000i\000c\000a\000c\000i\000\363\000n\000\040\000i\000n\000f\000o\000r\000m\000\341\000t\000i\000c\000a\000\040\000p\000a\000r\000a\000\040\000l\000a\000\040\000i\000n\000t\000r\000o\000d\000u\000c\000c\000i\000\363\000n\000\040\000d\000e\000l\000\040\000l\000e\000n\000g\000u\000a\000j\000e\000\040\000m\000u\000s\000i\000c\000a\000l}{subsection.5.2.3}% 20
\BOOKMARK [3][-]{subsubsection.5.2.3.4}{\376\377\000O\000n\000l\000i\000n\000e\000\040\000G\000a\000m\000i\000n\000g\000\040\000t\000o\000\040\000L\000e\000a\000r\000n\000\040\000M\000u\000s\000i\000c\000\040\000a\000n\000d\000\040\000E\000n\000g\000l\000i\000s\000h\000\040\000L\000a\000n\000g\000u\000a\000g\000e\000\040\000i\000n\000\040\000M\000u\000s\000i\000c\000\040\000a\000n\000d\000\040\000B\000a\000l\000l\000e\000t\000\040\000S\000c\000h\000o\000o\000l\000\040\000S\000o\000l\000f\000e\000g\000g\000i\000o\000\040\000E\000d\000u\000c\000a\000t\000i\000o\000n}{subsection.5.2.3}% 21
\BOOKMARK [3][-]{subsubsection.5.2.3.5}{\376\377\000M\000u\000l\000t\000i\000m\000e\000d\000i\000a\000\040\000t\000e\000c\000h\000n\000o\000l\000o\000g\000i\000e\000s\000\040\000a\000s\000\040\000a\000\040\000t\000o\000o\000l\000\040\000f\000o\000r\000\040\000t\000e\000a\000c\000h\000i\000n\000g\000\040\000s\000u\000p\000e\000r\000v\000i\000s\000i\000o\000n\000\040\000o\000v\000e\000r\000\040\000t\000h\000e\000\040\000s\000t\000u\000d\000e\000n\000t\000s\000'\000\040\000s\000k\000i\000l\000l\000s\000\040\000\050\000w\000i\000t\000h\000i\000n\000\040\000t\000h\000e\000\040\000c\000o\000u\000r\000s\000e\000\040\000o\000n\000\040\040\034\000m\000u\000s\000i\000c\000\040\000t\000h\000e\000o\000r\000y\000\040\000t\000r\000a\000i\000n\000i\000n\000g\040\035\000\051}{subsection.5.2.3}% 22
\BOOKMARK [2][-]{subsection.5.2.4}{\376\377\000C\000o\000n\000c\000l\000u\000s\000i\000o\000n\000e\000s}{section.5.2}% 23
\BOOKMARK [0][-]{chapter.6}{\376\377\000D\000e\000f\000i\000n\000i\000c\000i\000\363\000n\000\040\000d\000e\000\040\000l\000a\000\040\000s\000o\000l\000u\000c\000i\000\363\000n}{}% 24
\BOOKMARK [1][-]{section.6.1}{\376\377\000E\000s\000p\000e\000c\000i\000f\000i\000c\000a\000c\000i\000\363\000n\000\040\000f\000o\000r\000m\000a\000l\000\040\000d\000e\000\040\000l\000a\000\040\000s\000o\000l\000u\000c\000i\000\363\000n}{chapter.6}% 25
\BOOKMARK [1][-]{section.6.2}{\376\377\000O\000b\000j\000e\000t\000i\000v\000o\000s\000\040\000f\000u\000n\000c\000i\000o\000n\000a\000l\000e\000s\000\040\000d\000e\000l\000\040\000s\000i\000s\000t\000e\000m\000a}{chapter.6}% 26
\BOOKMARK [1][-]{section.6.3}{\376\377\000D\000i\000a\000g\000r\000a\000m\000a\000\040\000U\000M\000L\000\040\000d\000e\000\040\000c\000a\000s\000o\000s\000\040\000d\000e\000\040\000u\000s\000o\000\040\000d\000e\000l\000\040\000s\000i\000s\000t\000e\000m\000a}{chapter.6}% 27
\BOOKMARK [1][-]{section.6.4}{\376\377\000D\000e\000f\000i\000n\000i\000c\000i\000\363\000n\000\040\000d\000e\000l\000\040\000d\000i\000a\000g\000r\000a\000m\000a\000\040\000d\000e\000\040\000c\000a\000s\000o\000s\000\040\000d\000e\000\040\000u\000s\000o}{chapter.6}% 28
\BOOKMARK [2][-]{subsection.6.4.1}{\376\377\000A\000c\000t\000o\000r\000e\000s}{section.6.4}% 29
\BOOKMARK [2][-]{subsection.6.4.2}{\376\377\000C\000a\000s\000o\000s\000\040\000d\000e\000\040\000u\000s\000o}{section.6.4}% 30
\BOOKMARK [3][-]{subsubsection.6.4.2.1}{\376\377\000D\000e\000f\000i\000n\000i\000c\000i\000\363\000n\000\040\000g\000e\000n\000e\000r\000a\000l}{subsection.6.4.2}% 31
\BOOKMARK [3][-]{subsubsection.6.4.2.2}{\376\377\000R\000e\000q\000u\000i\000s\000i\000t\000o\000s\000\040\000f\000u\000n\000c\000i\000o\000n\000a\000l\000e\000s}{subsection.6.4.2}% 32
\BOOKMARK [1][-]{section.6.5}{\376\377\000R\000e\000q\000u\000i\000s\000i\000t\000o\000s\000\040\000n\000o\000\040\000f\000u\000n\000c\000i\000o\000n\000a\000l\000e\000s}{chapter.6}% 33
\BOOKMARK [1][-]{section.6.6}{\376\377\000T\000e\000c\000n\000o\000l\000o\000g\000\355\000a\000s\000\040\000y\000\040\000a\000r\000q\000u\000i\000t\000e\000c\000t\000u\000r\000a\000\040\000d\000e\000\040\000l\000a\000\040\000s\000o\000l\000u\000c\000i\000\363\000n}{chapter.6}% 34
\BOOKMARK [2][-]{subsection.6.6.1}{\376\377\000F\000r\000o\000n\000t\000e\000n\000d}{section.6.6}% 35
\BOOKMARK [2][-]{subsection.6.6.2}{\376\377\000B\000a\000c\000k\000e\000n\000d}{section.6.6}% 36
\BOOKMARK [2][-]{subsection.6.6.3}{\376\377\000B\000a\000s\000e\000\040\000d\000e\000\040\000d\000a\000t\000o\000s}{section.6.6}% 37
\BOOKMARK [2][-]{subsection.6.6.4}{\376\377\000S\000e\000r\000v\000i\000c\000i\000o\000s\000\040\000e\000x\000t\000e\000r\000n\000o\000s}{section.6.6}% 38
\BOOKMARK [2][-]{subsection.6.6.5}{\376\377\000I\000n\000t\000e\000g\000r\000a\000c\000i\000\363\000n\000\040\000y\000\040\000d\000e\000s\000p\000l\000i\000e\000g\000u\000e\000\040\000c\000o\000n\000t\000i\000n\000u\000o}{section.6.6}% 39
\BOOKMARK [2][-]{subsection.6.6.6}{\376\377\000A\000r\000q\000u\000i\000t\000e\000c\000t\000u\000r\000a\000\040\000g\000l\000o\000b\000a\000l\000\040\000d\000e\000\040\000l\000a\000\040\000a\000p\000l\000i\000c\000a\000c\000i\000\363\000n}{section.6.6}% 40
\BOOKMARK [0][-]{chapter.7}{\376\377\000P\000l\000a\000n\000i\000f\000i\000c\000a\000c\000i\000\363\000n}{}% 41
\BOOKMARK [0][-]{chapter.8}{\376\377\000D\000e\000s\000a\000r\000r\000o\000l\000l\000o\000\040\000d\000e\000\040\000l\000a\000\040\000a\000p\000l\000i\000c\000a\000c\000i\000\363\000n\000\040\000b\000a\000c\000k\000e\000n\000d}{}% 42
\BOOKMARK [1][-]{section.8.1}{\376\377\000A\000r\000q\000u\000i\000t\000e\000c\000t\000u\000r\000a\000\040\000y\000\040\000v\000i\000s\000i\000\363\000n\000\040\000g\000e\000n\000e\000r\000a\000l\000\040\000d\000e\000l\000\040\000b\000a\000c\000k\000e\000n\000d}{chapter.8}% 43
\BOOKMARK [1][-]{section.8.2}{\376\377\000M\000o\000d\000e\000l\000a\000d\000o\000\040\000d\000e\000\040\000d\000a\000t\000o\000s}{chapter.8}% 44
\BOOKMARK [1][-]{section.8.3}{\376\377\000I\000m\000p\000l\000e\000m\000e\000n\000t\000a\000c\000i\000\363\000n\000\040\000d\000e\000\040\000l\000a\000\040\000l\000\363\000g\000i\000c\000a\000\040\000d\000e\000\040\000n\000e\000g\000o\000c\000i\000o\000\040\000e\000\040\000i\000n\000t\000e\000g\000r\000a\000c\000i\000\363\000n}{chapter.8}% 45
\BOOKMARK [2][-]{subsection.8.3.1}{\376\377\000L\000\363\000g\000i\000c\000a\000\040\000d\000e\000\040\000n\000e\000g\000o\000c\000i\000o\000:\000\040\000c\000r\000e\000a\000c\000i\000\363\000n\000\040\000y\000\040\000a\000c\000t\000u\000a\000l\000i\000z\000a\000c\000i\000\363\000n\000\040\000d\000e\000\040\000c\000a\000l\000i\000f\000i\000c\000a\000c\000i\000o\000n\000e\000s\000\040\000g\000e\000n\000e\000r\000a\000l\000e\000s}{section.8.3}% 46
\BOOKMARK [2][-]{subsection.8.3.2}{\376\377\000I\000n\000t\000e\000g\000r\000a\000c\000i\000\363\000n\000\040\000c\000o\000n\000\040\000s\000e\000r\000v\000i\000c\000i\000o\000s\000\040\000e\000x\000t\000e\000r\000n\000o\000s}{section.8.3}% 47
\BOOKMARK [2][-]{subsection.8.3.3}{\376\377\000S\000e\000g\000u\000r\000i\000d\000a\000d\000:\000\040\000a\000u\000t\000e\000n\000t\000i\000c\000a\000c\000i\000\363\000n\000\040\000m\000e\000d\000i\000a\000n\000t\000e\000\040\000J\000W\000T}{section.8.3}% 48
\BOOKMARK [2][-]{subsection.8.3.4}{\376\377\000D\000o\000c\000u\000m\000e\000n\000t\000a\000c\000i\000\363\000n\000\040\000d\000e\000\040\000l\000a\000\040\000A\000P\000I\000\040\000c\000o\000n\000\040\000S\000w\000a\000g\000g\000e\000r}{section.8.3}% 49
\BOOKMARK [1][-]{section.8.4}{\376\377\000T\000e\000s\000t\000i\000n\000g}{chapter.8}% 50
\BOOKMARK [2][-]{subsection.8.4.1}{\376\377\000E\000s\000t\000r\000a\000t\000e\000g\000i\000a\000\040\000d\000e\000\040\000p\000r\000u\000e\000b\000a\000s}{section.8.4}% 51
\BOOKMARK [2][-]{subsection.8.4.2}{\376\377\000H\000e\000r\000r\000a\000m\000i\000e\000n\000t\000a\000s\000\040\000u\000t\000i\000l\000i\000z\000a\000d\000a\000s}{section.8.4}% 52
\BOOKMARK [2][-]{subsection.8.4.3}{\376\377\000E\000j\000e\000m\000p\000l\000o\000\040\000d\000e\000\040\000p\000r\000u\000e\000b\000a}{section.8.4}% 53
\BOOKMARK [1][-]{section.8.5}{\376\377\000D\000e\000s\000p\000l\000i\000e\000g\000u\000e\000\040\000d\000e\000l\000\040\000b\000a\000c\000k\000e\000n\000d}{chapter.8}% 54
\BOOKMARK [0][-]{chapter.9}{\376\377\000D\000e\000s\000a\000r\000r\000o\000l\000l\000o\000\040\000d\000e\000\040\000l\000a\000\040\000a\000p\000l\000i\000c\000a\000c\000i\000\363\000n\000\040\000f\000r\000o\000n\000t\000e\000n\000d}{}% 55
\BOOKMARK [1][-]{section.9.1}{\376\377\000A\000r\000q\000u\000i\000t\000e\000c\000t\000u\000r\000a\000\040\000y\000\040\000v\000i\000s\000i\000\363\000n\000\040\000g\000e\000n\000e\000r\000a\000l\000\040\000d\000e\000l\000\040\000f\000r\000o\000n\000t\000e\000n\000d}{chapter.9}% 56
\BOOKMARK [1][-]{section.9.2}{\376\377\000I\000m\000p\000l\000e\000m\000e\000n\000t\000a\000c\000i\000\363\000n}{chapter.9}% 57
\BOOKMARK [2][-]{subsection.9.2.1}{\376\377\000E\000s\000t\000r\000u\000c\000t\000u\000r\000a\000\040\000d\000e\000l\000\040\000p\000r\000o\000y\000e\000c\000t\000o}{section.9.2}% 58
\BOOKMARK [2][-]{subsection.9.2.2}{\376\377\000P\000\341\000g\000i\000n\000a\000s\000,\000\040\000c\000o\000m\000p\000o\000n\000e\000n\000t\000e\000s\000\040\000y\000\040\000c\000o\000n\000t\000r\000o\000l\000a\000d\000o\000r\000e\000s}{section.9.2}% 59
\BOOKMARK [2][-]{subsection.9.2.3}{\376\377\000M\000a\000n\000e\000j\000o\000\040\000d\000e\000\040\000r\000u\000t\000a\000s\000\040\000y\000\040\000n\000a\000v\000e\000g\000a\000c\000i\000\363\000n}{section.9.2}% 60
\BOOKMARK [2][-]{subsection.9.2.4}{\376\377\000G\000e\000s\000t\000i\000\363\000n\000\040\000d\000e\000l\000\040\000e\000s\000t\000a\000d\000o}{section.9.2}% 61
\BOOKMARK [2][-]{subsection.9.2.5}{\376\377\000I\000n\000t\000e\000g\000r\000a\000c\000i\000\363\000n\000\040\000c\000o\000n\000\040\000e\000l\000\040\000b\000a\000c\000k\000e\000n\000d}{section.9.2}% 62
\BOOKMARK [1][-]{section.9.3}{\376\377\000D\000i\000s\000e\000\361\000o\000\040\000y\000\040\000e\000x\000p\000e\000r\000i\000e\000n\000c\000i\000a\000\040\000d\000e\000\040\000u\000s\000u\000a\000r\000i\000o\000\040\000\050\000U\000X\000/\000U\000I\000\051}{chapter.9}% 63
\BOOKMARK [2][-]{subsection.9.3.1}{\376\377\000C\000o\000m\000p\000o\000n\000e\000n\000t\000e\000s\000\040\000I\000o\000n\000i\000c\000\040\000y\000\040\000s\000u\000\040\000p\000a\000p\000e\000l\000\040\000e\000n\000\040\000e\000l\000\040\000d\000i\000s\000e\000\361\000o}{section.9.3}% 64
\BOOKMARK [2][-]{subsection.9.3.2}{\376\377\000D\000i\000s\000e\000\361\000o\000\040\000r\000e\000s\000p\000o\000n\000s\000i\000v\000e\000\040\000y\000\040\000a\000d\000a\000p\000t\000a\000b\000i\000l\000i\000d\000a\000d}{section.9.3}% 65
\BOOKMARK [2][-]{subsection.9.3.3}{\376\377\000U\000s\000a\000b\000i\000l\000i\000d\000a\000d\000\040\000y\000\040\000e\000x\000p\000e\000r\000i\000e\000n\000c\000i\000a\000\040\000d\000e\000\040\000u\000s\000u\000a\000r\000i\000o}{section.9.3}% 66
\BOOKMARK [2][-]{subsection.9.3.4}{\376\377\000A\000c\000c\000e\000s\000i\000b\000i\000l\000i\000d\000a\000d}{section.9.3}% 67
\BOOKMARK [2][-]{subsection.9.3.5}{\376\377\000E\000j\000e\000m\000p\000l\000o\000s\000\040\000v\000i\000s\000u\000a\000l\000e\000s\000\040\000d\000e\000\040\000d\000i\000s\000e\000\361\000o\000\040\000y\000\040\000e\000x\000p\000e\000r\000i\000e\000n\000c\000i\000a}{section.9.3}% 68
\BOOKMARK [1][-]{section.9.4}{\376\377\000T\000e\000s\000t\000i\000n\000g}{chapter.9}% 69
\BOOKMARK [2][-]{subsection.9.4.1}{\376\377\000E\000s\000t\000r\000a\000t\000e\000g\000i\000a\000\040\000d\000e\000\040\000p\000r\000u\000e\000b\000a\000s}{section.9.4}% 70
\BOOKMARK [2][-]{subsection.9.4.2}{\376\377\000H\000e\000r\000r\000a\000m\000i\000e\000n\000t\000a\000s\000\040\000u\000t\000i\000l\000i\000z\000a\000d\000a\000s}{section.9.4}% 71
\BOOKMARK [2][-]{subsection.9.4.3}{\376\377\000E\000j\000e\000m\000p\000l\000o\000\040\000d\000e\000\040\000p\000r\000u\000e\000b\000a}{section.9.4}% 72
\BOOKMARK [1][-]{section.9.5}{\376\377\000D\000e\000s\000p\000l\000i\000e\000g\000u\000e\000\040\000d\000e\000l\000\040\000f\000r\000o\000n\000t\000e\000n\000d}{chapter.9}% 73
\BOOKMARK [2][-]{subsection.9.5.1}{\376\377\000P\000r\000o\000c\000e\000s\000o\000\040\000d\000e\000\040\000b\000u\000i\000l\000d\000\040\000y\000\040\000o\000p\000t\000i\000m\000i\000z\000a\000c\000i\000\363\000n}{section.9.5}% 74
\BOOKMARK [2][-]{subsection.9.5.2}{\376\377\000H\000o\000s\000t\000i\000n\000g\000\040\000y\000\040\000d\000i\000s\000t\000r\000i\000b\000u\000c\000i\000\363\000n}{section.9.5}% 75
\BOOKMARK [0][-]{chapter.10}{\376\377\000I\000n\000t\000e\000g\000r\000a\000c\000i\000\363\000n\000\040\000y\000\040\000D\000e\000s\000p\000l\000i\000e\000g\000u\000e\000\040\000C\000o\000n\000t\000i\000n\000u\000o}{}% 76
\BOOKMARK [1][-]{section.10.1}{\376\377\000D\000e\000s\000c\000r\000i\000p\000c\000i\000\363\000n\000\040\000g\000e\000n\000e\000r\000a\000l\000\040\000d\000e\000l\000\040\000p\000i\000p\000e\000l\000i\000n\000e}{chapter.10}% 77
\BOOKMARK [1][-]{section.10.2}{\376\377\000A\000r\000c\000h\000i\000v\000o\000\040\000d\000e\000\040\000c\000o\000n\000f\000i\000g\000u\000r\000a\000c\000i\000\363\000n\000\040\000d\000e\000l\000\040\000p\000i\000p\000e\000l\000i\000n\000e}{chapter.10}% 78
\BOOKMARK [1][-]{section.10.3}{\376\377\000V\000e\000n\000t\000a\000j\000a\000s\000\040\000d\000e\000l\000\040\000p\000i\000p\000e\000l\000i\000n\000e\000\040\000i\000n\000t\000e\000g\000r\000a\000d\000o}{chapter.10}% 79
\BOOKMARK [0][-]{chapter.11}{\376\377\000C\000o\000n\000c\000l\000u\000s\000i\000o\000n\000e\000s\000\040\000y\000\040\000l\000\355\000n\000e\000a\000s\000\040\000d\000e\000\040\000t\000r\000a\000b\000a\000j\000o\000\040\000f\000u\000t\000u\000r\000o}{}% 80
\BOOKMARK [1][-]{section.11.1}{\376\377\000C\000o\000n\000c\000l\000u\000s\000i\000o\000n\000e\000s}{chapter.11}% 81
\BOOKMARK [1][-]{section.11.2}{\376\377\000L\000\355\000n\000e\000a\000s\000\040\000d\000e\000\040\000t\000r\000a\000b\000a\000j\000o\000\040\000f\000u\000t\000u\000r\000o}{chapter.11}% 82
\BOOKMARK [2][-]{subsection.11.2.1}{\376\377\000P\000l\000a\000n\000\040\000d\000e\000\040\000i\000m\000p\000l\000a\000n\000t\000a\000c\000i\000\363\000n\000\040\000y\000\040\000d\000e\000s\000p\000l\000i\000e\000g\000u\000e\000\040\000e\000n\000\040\000e\000n\000t\000o\000r\000n\000o\000s\000\040\000r\000e\000a\000l\000e\000s}{section.11.2}% 83
\BOOKMARK [2][-]{subsection.11.2.2}{\376\377\000E\000x\000t\000e\000n\000s\000i\000\363\000n\000\040\000d\000e\000\040\000f\000u\000n\000c\000i\000o\000n\000a\000l\000i\000d\000a\000d\000e\000s\000\040\000e\000\040\000i\000n\000n\000o\000v\000a\000c\000i\000\363\000n}{section.11.2}% 84
\BOOKMARK [2][-]{subsection.11.2.3}{\376\377\000A\000c\000c\000e\000s\000o\000\040\000s\000i\000n\000\040\000a\000u\000t\000e\000n\000t\000i\000c\000a\000c\000i\000\363\000n\000\040\000y\000\040\000a\000p\000e\000r\000t\000u\000r\000a\000\040\000a\000\040\000u\000s\000u\000a\000r\000i\000o\000s\000\040\000e\000x\000t\000e\000r\000n\000o\000s}{section.11.2}% 85
\BOOKMARK [2][-]{subsection.11.2.4}{\376\377\000C\000r\000e\000a\000c\000i\000\363\000n\000\040\000d\000e\000\040\000l\000a\000\040\000a\000p\000l\000i\000c\000a\000c\000i\000\363\000n\000\040\000m\000\363\000v\000i\000l}{section.11.2}% 86
\BOOKMARK [0][-]{chapter.12}{\376\377\000A\000n\000e\000x\000o}{}% 87
\BOOKMARK [1][-]{section.12.1}{\376\377\000R\000e\000p\000o\000s\000i\000t\000o\000r\000i\000o\000\040\000d\000e\000l\000\040\000p\000r\000o\000y\000e\000c\000t\000o}{chapter.12}% 88
\BOOKMARK [1][-]{section.12.2}{\376\377\000E\000s\000t\000r\000u\000c\000t\000u\000r\000a\000\040\000d\000e\000l\000\040\000p\000r\000o\000y\000e\000c\000t\000o}{chapter.12}% 89
\BOOKMARK [2][-]{subsection.12.2.1}{\376\377\000E\000s\000t\000r\000u\000c\000t\000u\000r\000a\000\040\000d\000e\000l\000\040\000b\000a\000c\000k\000e\000n\000d}{section.12.2}% 90
\BOOKMARK [2][-]{subsection.12.2.2}{\376\377\000E\000s\000t\000r\000u\000c\000t\000u\000r\000a\000\040\000d\000e\000l\000\040\000f\000r\000o\000n\000t\000e\000n\000d}{section.12.2}% 91
\BOOKMARK [1][-]{section.12.3}{\376\377\000C\000a\000p\000t\000u\000r\000a\000s\000\040\000a\000d\000i\000c\000i\000o\000n\000a\000l\000e\000s\000\040\000d\000e\000\040\000l\000a\000\040\000a\000p\000l\000i\000c\000a\000c\000i\000\363\000n}{chapter.12}% 92
\BOOKMARK [1][-]{section.12.4}{\376\377\000E\000n\000t\000o\000r\000n\000o\000s\000\040\000y\000\040\000h\000e\000r\000r\000a\000m\000i\000e\000n\000t\000a\000s\000\040\000d\000e\000\040\000d\000e\000s\000a\000r\000r\000o\000l\000l\000o}{chapter.12}% 93
\BOOKMARK [2][-]{subsection.12.4.1}{\376\377\000E\000n\000t\000o\000r\000n\000o\000\040\000d\000e\000\040\000d\000e\000s\000a\000r\000r\000o\000l\000l\000o}{section.12.4}% 94
\BOOKMARK [2][-]{subsection.12.4.2}{\376\377\000G\000e\000s\000t\000i\000\363\000n\000\040\000y\000\040\000v\000i\000s\000u\000a\000l\000i\000z\000a\000c\000i\000\363\000n\000\040\000d\000e\000\040\000l\000a\000\040\000b\000a\000s\000e\000\040\000d\000e\000\040\000d\000a\000t\000o\000s}{section.12.4}% 95
\BOOKMARK [2][-]{subsection.12.4.3}{\376\377\000H\000e\000r\000r\000a\000m\000i\000e\000n\000t\000a\000s\000\040\000d\000e\000\040\000a\000p\000o\000y\000o\000\040\000a\000d\000i\000c\000i\000o\000n\000a\000l\000e\000s}{section.12.4}% 96
